<?xml version="1.0" encoding="UTF-8"?>
<testsuite xmlns:xsi="http://www.w3.org/2001/XMLSchema-instance" xsi:noNamespaceSchemaLocation="https://maven.apache.org/surefire/maven-surefire-plugin/xsd/surefire-test-report.xsd" name="TestSuite" time="82.058" tests="151" errors="0" skipped="139" failures="12">
  <properties>
    <property name="gopherProxySet" value="false"/>
    <property name="awt.toolkit" value="sun.lwawt.macosx.LWCToolkit"/>
    <property name="java.specification.version" value="10"/>
    <property name="file.encoding.pkg" value="sun.io"/>
    <property name="sun.cpu.isalist" value=""/>
    <property name="sun.jnu.encoding" value="UTF-8"/>
    <property name="java.class.path" value="/Framework/TestFrameWork/Amazone/target/test-classes:/Framework/TestFrameWork/Amazone/target/classes:/Users/palmauzzal/.m2/repository/Web-Automation/Generic/1.0-SNAPSHOT/Generic-1.0-SNAPSHOT.jar:/Users/palmauzzal/.m2/repository/io/rest-assured/rest-assured/3.0.3/rest-assured-3.0.3.jar:/Users/palmauzzal/.m2/repository/org/codehaus/groovy/groovy/2.4.9/groovy-2.4.9.jar:/Users/palmauzzal/.m2/repository/org/codehaus/groovy/groovy-xml/2.4.9/groovy-xml-2.4.9.jar:/Users/palmauzzal/.m2/repository/org/apache/httpcomponents/httpclient/4.5.2/httpclient-4.5.2.jar:/Users/palmauzzal/.m2/repository/org/apache/httpcomponents/httpmime/4.5.1/httpmime-4.5.1.jar:/Users/palmauzzal/.m2/repository/org/hamcrest/hamcrest-core/1.3/hamcrest-core-1.3.jar:/Users/palmauzzal/.m2/repository/org/hamcrest/hamcrest-library/1.3/hamcrest-library-1.3.jar:/Users/palmauzzal/.m2/repository/org/ccil/cowan/tagsoup/tagsoup/1.2.1/tagsoup-1.2.1.jar:/Users/palmauzzal/.m2/repository/io/rest-assured/json-path/3.0.3/json-path-3.0.3.jar:/Users/palmauzzal/.m2/repository/org/codehaus/groovy/groovy-json/2.4.9/groovy-json-2.4.9.jar:/Users/palmauzzal/.m2/repository/io/rest-assured/rest-assured-common/3.0.3/rest-assured-common-3.0.3.jar:/Users/palmauzzal/.m2/repository/io/rest-assured/xml-path/3.0.3/xml-path-3.0.3.jar:/Users/palmauzzal/.m2/repository/junit/junit/3.8.1/junit-3.8.1.jar:/Users/palmauzzal/.m2/repository/org/testng/testng/6.14.3/testng-6.14.3.jar:/Users/palmauzzal/.m2/repository/com/beust/jcommander/1.72/jcommander-1.72.jar:/Users/palmauzzal/.m2/repository/org/apache-extras/beanshell/bsh/2.0b6/bsh-2.0b6.jar:/Users/palmauzzal/.m2/repository/org/seleniumhq/selenium/selenium-java/3.14.0/selenium-java-3.14.0.jar:/Users/palmauzzal/.m2/repository/org/seleniumhq/selenium/selenium-api/3.14.0/selenium-api-3.14.0.jar:/Users/palmauzzal/.m2/repository/org/seleniumhq/selenium/selenium-chrome-driver/3.14.0/selenium-chrome-driver-3.14.0.jar:/Users/palmauzzal/.m2/repository/org/seleniumhq/selenium/selenium-edge-driver/3.14.0/selenium-edge-driver-3.14.0.jar:/Users/palmauzzal/.m2/repository/org/seleniumhq/selenium/selenium-firefox-driver/3.14.0/selenium-firefox-driver-3.14.0.jar:/Users/palmauzzal/.m2/repository/org/seleniumhq/selenium/selenium-ie-driver/3.14.0/selenium-ie-driver-3.14.0.jar:/Users/palmauzzal/.m2/repository/org/seleniumhq/selenium/selenium-opera-driver/3.14.0/selenium-opera-driver-3.14.0.jar:/Users/palmauzzal/.m2/repository/org/seleniumhq/selenium/selenium-remote-driver/3.14.0/selenium-remote-driver-3.14.0.jar:/Users/palmauzzal/.m2/repository/org/seleniumhq/selenium/selenium-safari-driver/3.14.0/selenium-safari-driver-3.14.0.jar:/Users/palmauzzal/.m2/repository/org/seleniumhq/selenium/selenium-support/3.14.0/selenium-support-3.14.0.jar:/Users/palmauzzal/.m2/repository/net/bytebuddy/byte-buddy/1.8.15/byte-buddy-1.8.15.jar:/Users/palmauzzal/.m2/repository/org/apache/commons/commons-exec/1.3/commons-exec-1.3.jar:/Users/palmauzzal/.m2/repository/commons-codec/commons-codec/1.10/commons-codec-1.10.jar:/Users/palmauzzal/.m2/repository/commons-logging/commons-logging/1.2/commons-logging-1.2.jar:/Users/palmauzzal/.m2/repository/com/google/guava/guava/25.0-jre/guava-25.0-jre.jar:/Users/palmauzzal/.m2/repository/com/google/code/findbugs/jsr305/1.3.9/jsr305-1.3.9.jar:/Users/palmauzzal/.m2/repository/org/checkerframework/checker-compat-qual/2.0.0/checker-compat-qual-2.0.0.jar:/Users/palmauzzal/.m2/repository/com/google/errorprone/error_prone_annotations/2.1.3/error_prone_annotations-2.1.3.jar:/Users/palmauzzal/.m2/repository/com/google/j2objc/j2objc-annotations/1.1/j2objc-annotations-1.1.jar:/Users/palmauzzal/.m2/repository/org/codehaus/mojo/animal-sniffer-annotations/1.14/animal-sniffer-annotations-1.14.jar:/Users/palmauzzal/.m2/repository/org/apache/httpcomponents/httpcore/4.4.9/httpcore-4.4.9.jar:/Users/palmauzzal/.m2/repository/com/squareup/okhttp3/okhttp/3.10.0/okhttp-3.10.0.jar:/Users/palmauzzal/.m2/repository/com/squareup/okio/okio/1.14.1/okio-1.14.1.jar:/Users/palmauzzal/.m2/repository/org/seleniumhq/selenium/selenium-server/3.14.0/selenium-server-3.14.0.jar:/Users/palmauzzal/.m2/repository/org/apache/commons/commons-lang3/3.7/commons-lang3-3.7.jar:/Users/palmauzzal/.m2/repository/org/apache/commons/commons-text/1.1/commons-text-1.1.jar:/Users/palmauzzal/.m2/repository/commons-io/commons-io/2.6/commons-io-2.6.jar:/Users/palmauzzal/.m2/repository/commons-net/commons-net/3.6/commons-net-3.6.jar:/Users/palmauzzal/.m2/repository/net/sourceforge/htmlunit/htmlunit/2.30/htmlunit-2.30.jar:/Users/palmauzzal/.m2/repository/net/sourceforge/htmlunit/htmlunit-core-js/2.28/htmlunit-core-js-2.28.jar:/Users/palmauzzal/.m2/repository/net/sourceforge/htmlunit/htmlunit-cssparser/1.0.0/htmlunit-cssparser-1.0.0.jar:/Users/palmauzzal/.m2/repository/net/sourceforge/htmlunit/neko-htmlunit/2.30/neko-htmlunit-2.30.jar:/Users/palmauzzal/.m2/repository/net/jcip/jcip-annotations/1.0/jcip-annotations-1.0.jar:/Users/palmauzzal/.m2/repository/org/seleniumhq/selenium/jetty-repacked/9.4.8.v20180619/jetty-repacked-9.4.8.v20180619.jar:/Users/palmauzzal/.m2/repository/org/eclipse/jetty/jetty-client/9.4.8.v20180619/jetty-client-9.4.8.v20180619.jar:/Users/palmauzzal/.m2/repository/org/eclipse/jetty/jetty-http/9.4.8.v20180619/jetty-http-9.4.8.v20180619.jar:/Users/palmauzzal/.m2/repository/org/eclipse/jetty/jetty-io/9.4.8.v20180619/jetty-io-9.4.8.v20180619.jar:/Users/palmauzzal/.m2/repository/org/eclipse/jetty/jetty-util/9.4.8.v20180619/jetty-util-9.4.8.v20180619.jar:/Users/palmauzzal/.m2/repository/org/eclipse/jetty/jetty-xml/9.4.8.v20180619/jetty-xml-9.4.8.v20180619.jar:/Users/palmauzzal/.m2/repository/org/seleniumhq/selenium/htmlunit-driver/2.30.0/htmlunit-driver-2.30.0.jar:/Users/palmauzzal/.m2/repository/javax/servlet/javax.servlet-api/3.1.0/javax.servlet-api-3.1.0.jar:/Users/palmauzzal/.m2/repository/org/eclipse/jetty/websocket/websocket-api/9.4.8.v20180619/websocket-api-9.4.8.v20180619.jar:/Users/palmauzzal/.m2/repository/org/eclipse/jetty/websocket/websocket-client/9.4.8.v20180619/websocket-client-9.4.8.v20180619.jar:/Users/palmauzzal/.m2/repository/org/eclipse/jetty/websocket/websocket-common/9.4.8.v20180619/websocket-common-9.4.8.v20180619.jar:/Users/palmauzzal/.m2/repository/xalan/serializer/2.7.2/serializer-2.7.2.jar:/Users/palmauzzal/.m2/repository/xalan/xalan/2.7.2/xalan-2.7.2.jar:/Users/palmauzzal/.m2/repository/xerces/xercesImpl/2.11.0/xercesImpl-2.11.0.jar:/Users/palmauzzal/.m2/repository/xml-apis/xml-apis/1.4.01/xml-apis-1.4.01.jar:/Users/palmauzzal/.m2/repository/org/yaml/snakeyaml/1.19/snakeyaml-1.19.jar:/Users/palmauzzal/.m2/repository/org/apache/poi/poi/3.17/poi-3.17.jar:/Users/palmauzzal/.m2/repository/org/apache/commons/commons-collections4/4.1/commons-collections4-4.1.jar:/Users/palmauzzal/.m2/repository/org/apache/poi/poi-ooxml/3.17/poi-ooxml-3.17.jar:/Users/palmauzzal/.m2/repository/org/apache/poi/poi-ooxml-schemas/3.17/poi-ooxml-schemas-3.17.jar:/Users/palmauzzal/.m2/repository/org/apache/xmlbeans/xmlbeans/2.6.0/xmlbeans-2.6.0.jar:/Users/palmauzzal/.m2/repository/stax/stax-api/1.0.1/stax-api-1.0.1.jar:/Users/palmauzzal/.m2/repository/com/github/virtuald/curvesapi/1.04/curvesapi-1.04.jar:/Users/palmauzzal/.m2/repository/com/aventstack/extentreports/3.0.7/extentreports-3.0.7.jar:/Users/palmauzzal/.m2/repository/org/freemarker/freemarker/2.3.23/freemarker-2.3.23.jar:/Users/palmauzzal/.m2/repository/org/mongodb/mongodb-driver/3.3.0/mongodb-driver-3.3.0.jar:/Users/palmauzzal/.m2/repository/org/mongodb/bson/3.3.0/bson-3.3.0.jar:/Users/palmauzzal/.m2/repository/org/mongodb/mongodb-driver-core/3.3.0/mongodb-driver-core-3.3.0.jar:/Users/palmauzzal/.m2/repository/org/jsoup/jsoup/1.9.2/jsoup-1.9.2.jar:/Users/palmauzzal/.m2/repository/com/google/code/gson/gson/2.8.0/gson-2.8.0.jar:/Users/palmauzzal/.m2/repository/com/relevantcodes/extentreports/2.41.1/extentreports-2.41.1.jar:/Users/palmauzzal/.m2/repository/org/xerial/sqlite-jdbc/3.8.11.1/sqlite-jdbc-3.8.11.1.jar:/Users/palmauzzal/.m2/repository/com/google/api-client/google-api-client/1.23.0/google-api-client-1.23.0.jar:/Users/palmauzzal/.m2/repository/com/google/oauth-client/google-oauth-client/1.23.0/google-oauth-client-1.23.0.jar:/Users/palmauzzal/.m2/repository/com/google/http-client/google-http-client/1.23.0/google-http-client-1.23.0.jar:/Users/palmauzzal/.m2/repository/com/google/http-client/google-http-client-jackson2/1.23.0/google-http-client-jackson2-1.23.0.jar:/Users/palmauzzal/.m2/repository/com/fasterxml/jackson/core/jackson-core/2.1.3/jackson-core-2.1.3.jar:/Users/palmauzzal/.m2/repository/com/google/guava/guava-jdk5/17.0/guava-jdk5-17.0.jar:/Users/palmauzzal/.m2/repository/com/google/oauth-client/google-oauth-client-jetty/1.23.0/google-oauth-client-jetty-1.23.0.jar:/Users/palmauzzal/.m2/repository/com/google/oauth-client/google-oauth-client-java6/1.23.0/google-oauth-client-java6-1.23.0.jar:/Users/palmauzzal/.m2/repository/org/mortbay/jetty/jetty/6.1.26/jetty-6.1.26.jar:/Users/palmauzzal/.m2/repository/org/mortbay/jetty/jetty-util/6.1.26/jetty-util-6.1.26.jar:/Users/palmauzzal/.m2/repository/org/mortbay/jetty/servlet-api/2.5-20081211/servlet-api-2.5-20081211.jar:/Users/palmauzzal/.m2/repository/com/google/apis/google-api-services-sheets/v4-rev498-1.23.0/google-api-services-sheets-v4-rev498-1.23.0.jar:/Users/palmauzzal/.m2/repository/org/hamcrest/hamcrest-all/1.3/hamcrest-all-1.3.jar:/Users/palmauzzal/.m2/repository/com/googlecode/json-simple/json-simple/1.1.1/json-simple-1.1.1.jar:/Users/palmauzzal/.m2/repository/javax/xml/bind/jaxb-api/2.3.0/jaxb-api-2.3.0.jar:/Users/palmauzzal/.m2/repository/org/apache/maven/surefire/surefire-testng-utils/2.22.0/surefire-testng-utils-2.22.0.jar:/Users/palmauzzal/.m2/repository/org/apache/maven/surefire/surefire-grouper/2.22.0/surefire-grouper-2.22.0.jar:"/>
    <property name="java.vm.vendor" value="&quot;Oracle Corporation&quot;"/>
    <property name="sun.arch.data.model" value="64"/>
    <property name="java.vendor.url" value="http://java.oracle.com/"/>
    <property name="user.timezone" value=""/>
    <property name="java.vm.specification.version" value="10"/>
    <property name="os.name" value="Mac OS X"/>
    <property name="sun.java.launcher" value="SUN_STANDARD"/>
    <property name="user.country" value="US"/>
    <property name="sun.boot.library.path" value="/Library/Java/JavaVirtualMachines/jdk-10.0.1.jdk/Contents/Home/lib"/>
    <property name="sun.java.command" value="/Framework/TestFrameWork/Amazone/target/surefire/surefirebooter12636603852683448685.jar /Framework/TestFrameWork/Amazone/target/surefire 2018-10-06T20-17-32_802-jvmRun1 surefire6637533035995338458tmp surefire_06925093994922115828tmp"/>
    <property name="http.nonProxyHosts" value="local|*.local|169.254/16|*.169.254/16"/>
    <property name="jdk.debug" value="release"/>
    <property name="surefire.test.class.path" value="/Framework/TestFrameWork/Amazone/target/test-classes:/Framework/TestFrameWork/Amazone/target/classes:/Users/palmauzzal/.m2/repository/Web-Automation/Generic/1.0-SNAPSHOT/Generic-1.0-SNAPSHOT.jar:/Users/palmauzzal/.m2/repository/io/rest-assured/rest-assured/3.0.3/rest-assured-3.0.3.jar:/Users/palmauzzal/.m2/repository/org/codehaus/groovy/groovy/2.4.9/groovy-2.4.9.jar:/Users/palmauzzal/.m2/repository/org/codehaus/groovy/groovy-xml/2.4.9/groovy-xml-2.4.9.jar:/Users/palmauzzal/.m2/repository/org/apache/httpcomponents/httpclient/4.5.2/httpclient-4.5.2.jar:/Users/palmauzzal/.m2/repository/org/apache/httpcomponents/httpmime/4.5.1/httpmime-4.5.1.jar:/Users/palmauzzal/.m2/repository/org/hamcrest/hamcrest-core/1.3/hamcrest-core-1.3.jar:/Users/palmauzzal/.m2/repository/org/hamcrest/hamcrest-library/1.3/hamcrest-library-1.3.jar:/Users/palmauzzal/.m2/repository/org/ccil/cowan/tagsoup/tagsoup/1.2.1/tagsoup-1.2.1.jar:/Users/palmauzzal/.m2/repository/io/rest-assured/json-path/3.0.3/json-path-3.0.3.jar:/Users/palmauzzal/.m2/repository/org/codehaus/groovy/groovy-json/2.4.9/groovy-json-2.4.9.jar:/Users/palmauzzal/.m2/repository/io/rest-assured/rest-assured-common/3.0.3/rest-assured-common-3.0.3.jar:/Users/palmauzzal/.m2/repository/io/rest-assured/xml-path/3.0.3/xml-path-3.0.3.jar:/Users/palmauzzal/.m2/repository/junit/junit/3.8.1/junit-3.8.1.jar:/Users/palmauzzal/.m2/repository/org/testng/testng/6.14.3/testng-6.14.3.jar:/Users/palmauzzal/.m2/repository/com/beust/jcommander/1.72/jcommander-1.72.jar:/Users/palmauzzal/.m2/repository/org/apache-extras/beanshell/bsh/2.0b6/bsh-2.0b6.jar:/Users/palmauzzal/.m2/repository/org/seleniumhq/selenium/selenium-java/3.14.0/selenium-java-3.14.0.jar:/Users/palmauzzal/.m2/repository/org/seleniumhq/selenium/selenium-api/3.14.0/selenium-api-3.14.0.jar:/Users/palmauzzal/.m2/repository/org/seleniumhq/selenium/selenium-chrome-driver/3.14.0/selenium-chrome-driver-3.14.0.jar:/Users/palmauzzal/.m2/repository/org/seleniumhq/selenium/selenium-edge-driver/3.14.0/selenium-edge-driver-3.14.0.jar:/Users/palmauzzal/.m2/repository/org/seleniumhq/selenium/selenium-firefox-driver/3.14.0/selenium-firefox-driver-3.14.0.jar:/Users/palmauzzal/.m2/repository/org/seleniumhq/selenium/selenium-ie-driver/3.14.0/selenium-ie-driver-3.14.0.jar:/Users/palmauzzal/.m2/repository/org/seleniumhq/selenium/selenium-opera-driver/3.14.0/selenium-opera-driver-3.14.0.jar:/Users/palmauzzal/.m2/repository/org/seleniumhq/selenium/selenium-remote-driver/3.14.0/selenium-remote-driver-3.14.0.jar:/Users/palmauzzal/.m2/repository/org/seleniumhq/selenium/selenium-safari-driver/3.14.0/selenium-safari-driver-3.14.0.jar:/Users/palmauzzal/.m2/repository/org/seleniumhq/selenium/selenium-support/3.14.0/selenium-support-3.14.0.jar:/Users/palmauzzal/.m2/repository/net/bytebuddy/byte-buddy/1.8.15/byte-buddy-1.8.15.jar:/Users/palmauzzal/.m2/repository/org/apache/commons/commons-exec/1.3/commons-exec-1.3.jar:/Users/palmauzzal/.m2/repository/commons-codec/commons-codec/1.10/commons-codec-1.10.jar:/Users/palmauzzal/.m2/repository/commons-logging/commons-logging/1.2/commons-logging-1.2.jar:/Users/palmauzzal/.m2/repository/com/google/guava/guava/25.0-jre/guava-25.0-jre.jar:/Users/palmauzzal/.m2/repository/com/google/code/findbugs/jsr305/1.3.9/jsr305-1.3.9.jar:/Users/palmauzzal/.m2/repository/org/checkerframework/checker-compat-qual/2.0.0/checker-compat-qual-2.0.0.jar:/Users/palmauzzal/.m2/repository/com/google/errorprone/error_prone_annotations/2.1.3/error_prone_annotations-2.1.3.jar:/Users/palmauzzal/.m2/repository/com/google/j2objc/j2objc-annotations/1.1/j2objc-annotations-1.1.jar:/Users/palmauzzal/.m2/repository/org/codehaus/mojo/animal-sniffer-annotations/1.14/animal-sniffer-annotations-1.14.jar:/Users/palmauzzal/.m2/repository/org/apache/httpcomponents/httpcore/4.4.9/httpcore-4.4.9.jar:/Users/palmauzzal/.m2/repository/com/squareup/okhttp3/okhttp/3.10.0/okhttp-3.10.0.jar:/Users/palmauzzal/.m2/repository/com/squareup/okio/okio/1.14.1/okio-1.14.1.jar:/Users/palmauzzal/.m2/repository/org/seleniumhq/selenium/selenium-server/3.14.0/selenium-server-3.14.0.jar:/Users/palmauzzal/.m2/repository/org/apache/commons/commons-lang3/3.7/commons-lang3-3.7.jar:/Users/palmauzzal/.m2/repository/org/apache/commons/commons-text/1.1/commons-text-1.1.jar:/Users/palmauzzal/.m2/repository/commons-io/commons-io/2.6/commons-io-2.6.jar:/Users/palmauzzal/.m2/repository/commons-net/commons-net/3.6/commons-net-3.6.jar:/Users/palmauzzal/.m2/repository/net/sourceforge/htmlunit/htmlunit/2.30/htmlunit-2.30.jar:/Users/palmauzzal/.m2/repository/net/sourceforge/htmlunit/htmlunit-core-js/2.28/htmlunit-core-js-2.28.jar:/Users/palmauzzal/.m2/repository/net/sourceforge/htmlunit/htmlunit-cssparser/1.0.0/htmlunit-cssparser-1.0.0.jar:/Users/palmauzzal/.m2/repository/net/sourceforge/htmlunit/neko-htmlunit/2.30/neko-htmlunit-2.30.jar:/Users/palmauzzal/.m2/repository/net/jcip/jcip-annotations/1.0/jcip-annotations-1.0.jar:/Users/palmauzzal/.m2/repository/org/seleniumhq/selenium/jetty-repacked/9.4.8.v20180619/jetty-repacked-9.4.8.v20180619.jar:/Users/palmauzzal/.m2/repository/org/eclipse/jetty/jetty-client/9.4.8.v20180619/jetty-client-9.4.8.v20180619.jar:/Users/palmauzzal/.m2/repository/org/eclipse/jetty/jetty-http/9.4.8.v20180619/jetty-http-9.4.8.v20180619.jar:/Users/palmauzzal/.m2/repository/org/eclipse/jetty/jetty-io/9.4.8.v20180619/jetty-io-9.4.8.v20180619.jar:/Users/palmauzzal/.m2/repository/org/eclipse/jetty/jetty-util/9.4.8.v20180619/jetty-util-9.4.8.v20180619.jar:/Users/palmauzzal/.m2/repository/org/eclipse/jetty/jetty-xml/9.4.8.v20180619/jetty-xml-9.4.8.v20180619.jar:/Users/palmauzzal/.m2/repository/org/seleniumhq/selenium/htmlunit-driver/2.30.0/htmlunit-driver-2.30.0.jar:/Users/palmauzzal/.m2/repository/javax/servlet/javax.servlet-api/3.1.0/javax.servlet-api-3.1.0.jar:/Users/palmauzzal/.m2/repository/org/eclipse/jetty/websocket/websocket-api/9.4.8.v20180619/websocket-api-9.4.8.v20180619.jar:/Users/palmauzzal/.m2/repository/org/eclipse/jetty/websocket/websocket-client/9.4.8.v20180619/websocket-client-9.4.8.v20180619.jar:/Users/palmauzzal/.m2/repository/org/eclipse/jetty/websocket/websocket-common/9.4.8.v20180619/websocket-common-9.4.8.v20180619.jar:/Users/palmauzzal/.m2/repository/xalan/serializer/2.7.2/serializer-2.7.2.jar:/Users/palmauzzal/.m2/repository/xalan/xalan/2.7.2/xalan-2.7.2.jar:/Users/palmauzzal/.m2/repository/xerces/xercesImpl/2.11.0/xercesImpl-2.11.0.jar:/Users/palmauzzal/.m2/repository/xml-apis/xml-apis/1.4.01/xml-apis-1.4.01.jar:/Users/palmauzzal/.m2/repository/org/yaml/snakeyaml/1.19/snakeyaml-1.19.jar:/Users/palmauzzal/.m2/repository/org/apache/poi/poi/3.17/poi-3.17.jar:/Users/palmauzzal/.m2/repository/org/apache/commons/commons-collections4/4.1/commons-collections4-4.1.jar:/Users/palmauzzal/.m2/repository/org/apache/poi/poi-ooxml/3.17/poi-ooxml-3.17.jar:/Users/palmauzzal/.m2/repository/org/apache/poi/poi-ooxml-schemas/3.17/poi-ooxml-schemas-3.17.jar:/Users/palmauzzal/.m2/repository/org/apache/xmlbeans/xmlbeans/2.6.0/xmlbeans-2.6.0.jar:/Users/palmauzzal/.m2/repository/stax/stax-api/1.0.1/stax-api-1.0.1.jar:/Users/palmauzzal/.m2/repository/com/github/virtuald/curvesapi/1.04/curvesapi-1.04.jar:/Users/palmauzzal/.m2/repository/com/aventstack/extentreports/3.0.7/extentreports-3.0.7.jar:/Users/palmauzzal/.m2/repository/org/freemarker/freemarker/2.3.23/freemarker-2.3.23.jar:/Users/palmauzzal/.m2/repository/org/mongodb/mongodb-driver/3.3.0/mongodb-driver-3.3.0.jar:/Users/palmauzzal/.m2/repository/org/mongodb/bson/3.3.0/bson-3.3.0.jar:/Users/palmauzzal/.m2/repository/org/mongodb/mongodb-driver-core/3.3.0/mongodb-driver-core-3.3.0.jar:/Users/palmauzzal/.m2/repository/org/jsoup/jsoup/1.9.2/jsoup-1.9.2.jar:/Users/palmauzzal/.m2/repository/com/google/code/gson/gson/2.8.0/gson-2.8.0.jar:/Users/palmauzzal/.m2/repository/com/relevantcodes/extentreports/2.41.1/extentreports-2.41.1.jar:/Users/palmauzzal/.m2/repository/org/xerial/sqlite-jdbc/3.8.11.1/sqlite-jdbc-3.8.11.1.jar:/Users/palmauzzal/.m2/repository/com/google/api-client/google-api-client/1.23.0/google-api-client-1.23.0.jar:/Users/palmauzzal/.m2/repository/com/google/oauth-client/google-oauth-client/1.23.0/google-oauth-client-1.23.0.jar:/Users/palmauzzal/.m2/repository/com/google/http-client/google-http-client/1.23.0/google-http-client-1.23.0.jar:/Users/palmauzzal/.m2/repository/com/google/http-client/google-http-client-jackson2/1.23.0/google-http-client-jackson2-1.23.0.jar:/Users/palmauzzal/.m2/repository/com/fasterxml/jackson/core/jackson-core/2.1.3/jackson-core-2.1.3.jar:/Users/palmauzzal/.m2/repository/com/google/guava/guava-jdk5/17.0/guava-jdk5-17.0.jar:/Users/palmauzzal/.m2/repository/com/google/oauth-client/google-oauth-client-jetty/1.23.0/google-oauth-client-jetty-1.23.0.jar:/Users/palmauzzal/.m2/repository/com/google/oauth-client/google-oauth-client-java6/1.23.0/google-oauth-client-java6-1.23.0.jar:/Users/palmauzzal/.m2/repository/org/mortbay/jetty/jetty/6.1.26/jetty-6.1.26.jar:/Users/palmauzzal/.m2/repository/org/mortbay/jetty/jetty-util/6.1.26/jetty-util-6.1.26.jar:/Users/palmauzzal/.m2/repository/org/mortbay/jetty/servlet-api/2.5-20081211/servlet-api-2.5-20081211.jar:/Users/palmauzzal/.m2/repository/com/google/apis/google-api-services-sheets/v4-rev498-1.23.0/google-api-services-sheets-v4-rev498-1.23.0.jar:/Users/palmauzzal/.m2/repository/org/hamcrest/hamcrest-all/1.3/hamcrest-all-1.3.jar:/Users/palmauzzal/.m2/repository/com/googlecode/json-simple/json-simple/1.1.1/json-simple-1.1.1.jar:/Users/palmauzzal/.m2/repository/javax/xml/bind/jaxb-api/2.3.0/jaxb-api-2.3.0.jar:/Users/palmauzzal/.m2/repository/org/apache/maven/surefire/surefire-testng-utils/2.22.0/surefire-testng-utils-2.22.0.jar:/Users/palmauzzal/.m2/repository/org/apache/maven/surefire/surefire-grouper/2.22.0/surefire-grouper-2.22.0.jar:"/>
    <property name="sun.cpu.endian" value="little"/>
    <property name="user.home" value="/Users/palmauzzal"/>
    <property name="user.language" value="en"/>
    <property name="java.specification.vendor" value="Oracle Corporation"/>
    <property name="java.version.date" value="2018-04-17"/>
    <property name="java.home" value="/Library/Java/JavaVirtualMachines/jdk-10.0.1.jdk/Contents/Home"/>
    <property name="file.separator" value="/"/>
    <property name="basedir" value="/Framework/TestFrameWork/Amazone"/>
    <property name="java.vm.compressedOopsMode" value="Zero based"/>
    <property name="line.separator" value="&#10;"/>
    <property name="java.specification.name" value="Java Platform API Specification"/>
    <property name="java.vm.specification.vendor" value="Oracle Corporation"/>
    <property name="java.awt.graphicsenv" value="sun.awt.CGraphicsEnvironment"/>
    <property name="surefire.real.class.path" value="/Framework/TestFrameWork/Amazone/target/surefire/surefirebooter12636603852683448685.jar"/>
    <property name="sun.management.compiler" value="HotSpot 64-Bit Tiered Compilers"/>
    <property name="ftp.nonProxyHosts" value="local|*.local|169.254/16|*.169.254/16"/>
    <property name="java.runtime.version" value="10.0.1+10"/>
    <property name="user.name" value="palmauzzal"/>
    <property name="path.separator" value=":"/>
    <property name="os.version" value="10.13.6"/>
    <property name="java.runtime.name" value="Java(TM) SE Runtime Environment"/>
    <property name="file.encoding" value="UTF-8"/>
    <property name="java.vm.name" value="Java HotSpot(TM) 64-Bit Server VM"/>
    <property name="java.vendor.version" value="18.3"/>
    <property name="localRepository" value="/Users/palmauzzal/.m2/repository"/>
    <property name="java.vendor.url.bug" value="http://bugreport.java.com/bugreport/"/>
    <property name="java.io.tmpdir" value="/var/folders/mp/q48t92j91dz6xb67qzfybyvh0000gn/T/"/>
    <property name="idea.version" value="2018.2.1"/>
    <property name="java.version" value="10.0.1"/>
    <property name="user.dir" value="/Framework/TestFrameWork/Amazone"/>
    <property name="os.arch" value="x86_64"/>
    <property name="java.vm.specification.name" value="Java Virtual Machine Specification"/>
    <property name="java.awt.printerjob" value="sun.lwawt.macosx.CPrinterJob"/>
    <property name="sun.os.patch.level" value="unknown"/>
    <property name="java.library.path" value="/Users/palmauzzal/Library/Java/Extensions:/Library/Java/Extensions:/Network/Library/Java/Extensions:/System/Library/Java/Extensions:/usr/lib/java:."/>
    <property name="java.vendor" value="Oracle Corporation"/>
    <property name="java.vm.info" value="mixed mode"/>
    <property name="java.vm.version" value="10.0.1+10"/>
    <property name="sun.io.unicode.encoding" value="UnicodeBig"/>
    <property name="java.class.version" value="54.0"/>
    <property name="socksNonProxyHosts" value="local|*.local|169.254/16|*.169.254/16"/>
  </properties>
  <testcase name="setUp" classname="homePageObjectModule.HoverOver" time="28.246">
    <failure message="timeout&#10;  (Session info: chrome=69.0.3497.100)&#10;  (Driver info: chromedriver=2.42.591059 (a3d9684d10d61aa0c45f6723b327283be1ebaad8),platform=Mac OS X 10.13.6 x86_64) (WARNING: The server did not provide any stacktrace information)&#10;Command duration or timeout: 0 milliseconds&#10;Build info: version: &apos;3.14.0&apos;, revision: &apos;aacccce0&apos;, time: &apos;2018-08-02T20:19:58.91Z&apos;&#10;System info: host: &apos;Uzzals-MacBook-Pro.local&apos;, ip: &apos;fe80:0:0:0:103f:5e2:79e3:d5b0%en0&apos;, os.name: &apos;Mac OS X&apos;, os.arch: &apos;x86_64&apos;, os.version: &apos;10.13.6&apos;, java.version: &apos;10.0.1&apos;&#10;Driver info: org.openqa.selenium.chrome.ChromeDriver&#10;Capabilities {acceptInsecureCerts: false, acceptSslCerts: false, applicationCacheEnabled: false, browserConnectionEnabled: false, browserName: chrome, chrome: {chromedriverVersion: 2.42.591059 (a3d9684d10d61a..., userDataDir: /var/folders/mp/q48t92j91dz...}, cssSelectorsEnabled: true, databaseEnabled: false, goog:chromeOptions: {debuggerAddress: localhost:65290}, handlesAlerts: true, hasTouchScreen: false, javascriptEnabled: true, locationContextEnabled: true, mobileEmulationEnabled: false, nativeEvents: true, networkConnectionEnabled: false, pageLoadStrategy: normal, platform: MAC, platformName: MAC, rotatable: false, setWindowRect: true, takesHeapSnapshot: true, takesScreenshot: true, unexpectedAlertBehaviour: , unhandledPromptBehavior: , version: 69.0.3497.100, webStorageEnabled: true}&#10;Session ID: 8666193b917e494c16b3cbec0f3f8576" type="org.openqa.selenium.TimeoutException">org.openqa.selenium.TimeoutException: 
timeout
  (Session info: chrome=69.0.3497.100)
  (Driver info: chromedriver=2.42.591059 (a3d9684d10d61aa0c45f6723b327283be1ebaad8),platform=Mac OS X 10.13.6 x86_64) (WARNING: The server did not provide any stacktrace information)
Command duration or timeout: 0 milliseconds
Build info: version: '3.14.0', revision: 'aacccce0', time: '2018-08-02T20:19:58.91Z'
System info: host: 'Uzzals-MacBook-Pro.local', ip: 'fe80:0:0:0:103f:5e2:79e3:d5b0%en0', os.name: 'Mac OS X', os.arch: 'x86_64', os.version: '10.13.6', java.version: '10.0.1'
Driver info: org.openqa.selenium.chrome.ChromeDriver
Capabilities {acceptInsecureCerts: false, acceptSslCerts: false, applicationCacheEnabled: false, browserConnectionEnabled: false, browserName: chrome, chrome: {chromedriverVersion: 2.42.591059 (a3d9684d10d61a..., userDataDir: /var/folders/mp/q48t92j91dz...}, cssSelectorsEnabled: true, databaseEnabled: false, goog:chromeOptions: {debuggerAddress: localhost:65290}, handlesAlerts: true, hasTouchScreen: false, javascriptEnabled: true, locationContextEnabled: true, mobileEmulationEnabled: false, nativeEvents: true, networkConnectionEnabled: false, pageLoadStrategy: normal, platform: MAC, platformName: MAC, rotatable: false, setWindowRect: true, takesHeapSnapshot: true, takesScreenshot: true, unexpectedAlertBehaviour: , unhandledPromptBehavior: , version: 69.0.3497.100, webStorageEnabled: true}
Session ID: 8666193b917e494c16b3cbec0f3f8576
</failure>
    <system-out><![CDATA[Extent Report Directory/Framework/TestFrameWork/Amazone/target/surefire-reports/html
]]></system-out>
    <system-err><![CDATA[Oct 06, 2018 8:17:34 PM com.relevantcodes.extentreports.ExtentReports loadConfig
WARNING: Unable to perform report configuration. The file /Framework/TestFrameWork/Amazone/report-config.xml was not found.
Starting ChromeDriver 2.42.591059 (a3d9684d10d61aa0c45f6723b327283be1ebaad8) on port 29046
Only local connections are allowed.
Starting ChromeDriver 2.42.591059 (a3d9684d10d61aa0c45f6723b327283be1ebaad8) on port 15965
Only local connections are allowed.
Starting ChromeDriver 2.42.591059 (a3d9684d10d61aa0c45f6723b327283be1ebaad8) on port 16632
Only local connections are allowed.
Starting ChromeDriver 2.42.591059 (a3d9684d10d61aa0c45f6723b327283be1ebaad8) on port 44439
Only local connections are allowed.
Starting ChromeDriver 2.42.591059 (a3d9684d10d61aa0c45f6723b327283be1ebaad8) on port 8661
Only local connections are allowed.
Oct 06, 2018 8:17:36 PM org.openqa.selenium.remote.ProtocolHandshake createSession
INFO: Detected dialect: OSS
Oct 06, 2018 8:17:36 PM org.openqa.selenium.remote.ProtocolHandshake createSession
INFO: Detected dialect: OSS
Oct 06, 2018 8:17:36 PM org.openqa.selenium.remote.ProtocolHandshake createSession
INFO: Detected dialect: OSS
Oct 06, 2018 8:17:37 PM org.openqa.selenium.remote.ProtocolHandshake createSession
INFO: Detected dialect: OSS
Oct 06, 2018 8:17:37 PM org.openqa.selenium.remote.ProtocolHandshake createSession
INFO: Detected dialect: OSS
[1538871481.792][SEVERE]: Timed out receiving message from renderer: 23.894
[1538871481.794][SEVERE]: Timed out receiving message from renderer: -0.003
[1538871481.824][SEVERE]: Timed out receiving message from renderer: 23.570
[1538871481.826][SEVERE]: Timed out receiving message from renderer: -0.003
]]></system-err>
  </testcase>
  <testcase name="setUp" classname="homePageObjectModule.HoverOver" time="28.284">
    <failure message="timeout&#10;  (Session info: chrome=69.0.3497.100)&#10;  (Driver info: chromedriver=2.42.591059 (a3d9684d10d61aa0c45f6723b327283be1ebaad8),platform=Mac OS X 10.13.6 x86_64) (WARNING: The server did not provide any stacktrace information)&#10;Command duration or timeout: 0 milliseconds&#10;Build info: version: &apos;3.14.0&apos;, revision: &apos;aacccce0&apos;, time: &apos;2018-08-02T20:19:58.91Z&apos;&#10;System info: host: &apos;Uzzals-MacBook-Pro.local&apos;, ip: &apos;fe80:0:0:0:103f:5e2:79e3:d5b0%en0&apos;, os.name: &apos;Mac OS X&apos;, os.arch: &apos;x86_64&apos;, os.version: &apos;10.13.6&apos;, java.version: &apos;10.0.1&apos;&#10;Driver info: org.openqa.selenium.chrome.ChromeDriver&#10;Capabilities {acceptInsecureCerts: false, acceptSslCerts: false, applicationCacheEnabled: false, browserConnectionEnabled: false, browserName: chrome, chrome: {chromedriverVersion: 2.42.591059 (a3d9684d10d61a..., userDataDir: /var/folders/mp/q48t92j91dz...}, cssSelectorsEnabled: true, databaseEnabled: false, goog:chromeOptions: {debuggerAddress: localhost:65296}, handlesAlerts: true, hasTouchScreen: false, javascriptEnabled: true, locationContextEnabled: true, mobileEmulationEnabled: false, nativeEvents: true, networkConnectionEnabled: false, pageLoadStrategy: normal, platform: MAC, platformName: MAC, rotatable: false, setWindowRect: true, takesHeapSnapshot: true, takesScreenshot: true, unexpectedAlertBehaviour: , unhandledPromptBehavior: , version: 69.0.3497.100, webStorageEnabled: true}&#10;Session ID: d3348649d3102425a01011be01ed8d6c" type="org.openqa.selenium.TimeoutException">org.openqa.selenium.TimeoutException: 
timeout
  (Session info: chrome=69.0.3497.100)
  (Driver info: chromedriver=2.42.591059 (a3d9684d10d61aa0c45f6723b327283be1ebaad8),platform=Mac OS X 10.13.6 x86_64) (WARNING: The server did not provide any stacktrace information)
Command duration or timeout: 0 milliseconds
Build info: version: '3.14.0', revision: 'aacccce0', time: '2018-08-02T20:19:58.91Z'
System info: host: 'Uzzals-MacBook-Pro.local', ip: 'fe80:0:0:0:103f:5e2:79e3:d5b0%en0', os.name: 'Mac OS X', os.arch: 'x86_64', os.version: '10.13.6', java.version: '10.0.1'
Driver info: org.openqa.selenium.chrome.ChromeDriver
Capabilities {acceptInsecureCerts: false, acceptSslCerts: false, applicationCacheEnabled: false, browserConnectionEnabled: false, browserName: chrome, chrome: {chromedriverVersion: 2.42.591059 (a3d9684d10d61a..., userDataDir: /var/folders/mp/q48t92j91dz...}, cssSelectorsEnabled: true, databaseEnabled: false, goog:chromeOptions: {debuggerAddress: localhost:65296}, handlesAlerts: true, hasTouchScreen: false, javascriptEnabled: true, locationContextEnabled: true, mobileEmulationEnabled: false, nativeEvents: true, networkConnectionEnabled: false, pageLoadStrategy: normal, platform: MAC, platformName: MAC, rotatable: false, setWindowRect: true, takesHeapSnapshot: true, takesScreenshot: true, unexpectedAlertBehaviour: , unhandledPromptBehavior: , version: 69.0.3497.100, webStorageEnabled: true}
Session ID: d3348649d3102425a01011be01ed8d6c
</failure>
    <system-err><![CDATA[[1538871481.859][SEVERE]: Timed out receiving message from renderer: 23.702
[1538871481.860][SEVERE]: Timed out receiving message from renderer: -0.002
]]></system-err>
  </testcase>
  <testcase name="setUp" classname="homePageObjectModule.HoverOver" time="28.737">
    <failure message="timeout&#10;  (Session info: chrome=69.0.3497.100)&#10;  (Driver info: chromedriver=2.42.591059 (a3d9684d10d61aa0c45f6723b327283be1ebaad8),platform=Mac OS X 10.13.6 x86_64) (WARNING: The server did not provide any stacktrace information)&#10;Command duration or timeout: 0 milliseconds&#10;Build info: version: &apos;3.14.0&apos;, revision: &apos;aacccce0&apos;, time: &apos;2018-08-02T20:19:58.91Z&apos;&#10;System info: host: &apos;Uzzals-MacBook-Pro.local&apos;, ip: &apos;fe80:0:0:0:103f:5e2:79e3:d5b0%en0&apos;, os.name: &apos;Mac OS X&apos;, os.arch: &apos;x86_64&apos;, os.version: &apos;10.13.6&apos;, java.version: &apos;10.0.1&apos;&#10;Driver info: org.openqa.selenium.chrome.ChromeDriver&#10;Capabilities {acceptInsecureCerts: false, acceptSslCerts: false, applicationCacheEnabled: false, browserConnectionEnabled: false, browserName: chrome, chrome: {chromedriverVersion: 2.42.591059 (a3d9684d10d61a..., userDataDir: /var/folders/mp/q48t92j91dz...}, cssSelectorsEnabled: true, databaseEnabled: false, goog:chromeOptions: {debuggerAddress: localhost:65293}, handlesAlerts: true, hasTouchScreen: false, javascriptEnabled: true, locationContextEnabled: true, mobileEmulationEnabled: false, nativeEvents: true, networkConnectionEnabled: false, pageLoadStrategy: normal, platform: MAC, platformName: MAC, rotatable: false, setWindowRect: true, takesHeapSnapshot: true, takesScreenshot: true, unexpectedAlertBehaviour: , unhandledPromptBehavior: , version: 69.0.3497.100, webStorageEnabled: true}&#10;Session ID: 1c1bcef965e73f584ec9794b7618e104" type="org.openqa.selenium.TimeoutException">org.openqa.selenium.TimeoutException: 
timeout
  (Session info: chrome=69.0.3497.100)
  (Driver info: chromedriver=2.42.591059 (a3d9684d10d61aa0c45f6723b327283be1ebaad8),platform=Mac OS X 10.13.6 x86_64) (WARNING: The server did not provide any stacktrace information)
Command duration or timeout: 0 milliseconds
Build info: version: '3.14.0', revision: 'aacccce0', time: '2018-08-02T20:19:58.91Z'
System info: host: 'Uzzals-MacBook-Pro.local', ip: 'fe80:0:0:0:103f:5e2:79e3:d5b0%en0', os.name: 'Mac OS X', os.arch: 'x86_64', os.version: '10.13.6', java.version: '10.0.1'
Driver info: org.openqa.selenium.chrome.ChromeDriver
Capabilities {acceptInsecureCerts: false, acceptSslCerts: false, applicationCacheEnabled: false, browserConnectionEnabled: false, browserName: chrome, chrome: {chromedriverVersion: 2.42.591059 (a3d9684d10d61a..., userDataDir: /var/folders/mp/q48t92j91dz...}, cssSelectorsEnabled: true, databaseEnabled: false, goog:chromeOptions: {debuggerAddress: localhost:65293}, handlesAlerts: true, hasTouchScreen: false, javascriptEnabled: true, locationContextEnabled: true, mobileEmulationEnabled: false, nativeEvents: true, networkConnectionEnabled: false, pageLoadStrategy: normal, platform: MAC, platformName: MAC, rotatable: false, setWindowRect: true, takesHeapSnapshot: true, takesScreenshot: true, unexpectedAlertBehaviour: , unhandledPromptBehavior: , version: 69.0.3497.100, webStorageEnabled: true}
Session ID: 1c1bcef965e73f584ec9794b7618e104
</failure>
    <system-err><![CDATA[Starting ChromeDriver 2.42.591059 (a3d9684d10d61aa0c45f6723b327283be1ebaad8) on port 22965
Only local connections are allowed.
[1538871482.308][SEVERE]: Timed out receiving message from renderer: 24.362
[1538871482.312][SEVERE]: Timed out receiving message from renderer: -0.004
]]></system-err>
  </testcase>
  <testcase name="setUp" classname="homePageObjectModule.SignInTest" time="28.248">
    <failure message="timeout&#10;  (Session info: chrome=69.0.3497.100)&#10;  (Driver info: chromedriver=2.42.591059 (a3d9684d10d61aa0c45f6723b327283be1ebaad8),platform=Mac OS X 10.13.6 x86_64) (WARNING: The server did not provide any stacktrace information)&#10;Command duration or timeout: 0 milliseconds&#10;Build info: version: &apos;3.14.0&apos;, revision: &apos;aacccce0&apos;, time: &apos;2018-08-02T20:19:58.91Z&apos;&#10;System info: host: &apos;Uzzals-MacBook-Pro.local&apos;, ip: &apos;fe80:0:0:0:103f:5e2:79e3:d5b0%en0&apos;, os.name: &apos;Mac OS X&apos;, os.arch: &apos;x86_64&apos;, os.version: &apos;10.13.6&apos;, java.version: &apos;10.0.1&apos;&#10;Driver info: org.openqa.selenium.chrome.ChromeDriver&#10;Capabilities {acceptInsecureCerts: false, acceptSslCerts: false, applicationCacheEnabled: false, browserConnectionEnabled: false, browserName: chrome, chrome: {chromedriverVersion: 2.42.591059 (a3d9684d10d61a..., userDataDir: /var/folders/mp/q48t92j91dz...}, cssSelectorsEnabled: true, databaseEnabled: false, goog:chromeOptions: {debuggerAddress: localhost:65287}, handlesAlerts: true, hasTouchScreen: false, javascriptEnabled: true, locationContextEnabled: true, mobileEmulationEnabled: false, nativeEvents: true, networkConnectionEnabled: false, pageLoadStrategy: normal, platform: MAC, platformName: MAC, rotatable: false, setWindowRect: true, takesHeapSnapshot: true, takesScreenshot: true, unexpectedAlertBehaviour: , unhandledPromptBehavior: , version: 69.0.3497.100, webStorageEnabled: true}&#10;Session ID: 2d5d2077f2671de22a834ae57ec24809" type="org.openqa.selenium.TimeoutException">org.openqa.selenium.TimeoutException: 
timeout
  (Session info: chrome=69.0.3497.100)
  (Driver info: chromedriver=2.42.591059 (a3d9684d10d61aa0c45f6723b327283be1ebaad8),platform=Mac OS X 10.13.6 x86_64) (WARNING: The server did not provide any stacktrace information)
Command duration or timeout: 0 milliseconds
Build info: version: '3.14.0', revision: 'aacccce0', time: '2018-08-02T20:19:58.91Z'
System info: host: 'Uzzals-MacBook-Pro.local', ip: 'fe80:0:0:0:103f:5e2:79e3:d5b0%en0', os.name: 'Mac OS X', os.arch: 'x86_64', os.version: '10.13.6', java.version: '10.0.1'
Driver info: org.openqa.selenium.chrome.ChromeDriver
Capabilities {acceptInsecureCerts: false, acceptSslCerts: false, applicationCacheEnabled: false, browserConnectionEnabled: false, browserName: chrome, chrome: {chromedriverVersion: 2.42.591059 (a3d9684d10d61a..., userDataDir: /var/folders/mp/q48t92j91dz...}, cssSelectorsEnabled: true, databaseEnabled: false, goog:chromeOptions: {debuggerAddress: localhost:65287}, handlesAlerts: true, hasTouchScreen: false, javascriptEnabled: true, locationContextEnabled: true, mobileEmulationEnabled: false, nativeEvents: true, networkConnectionEnabled: false, pageLoadStrategy: normal, platform: MAC, platformName: MAC, rotatable: false, setWindowRect: true, takesHeapSnapshot: true, takesScreenshot: true, unexpectedAlertBehaviour: , unhandledPromptBehavior: , version: 69.0.3497.100, webStorageEnabled: true}
Session ID: 2d5d2077f2671de22a834ae57ec24809
</failure>
  </testcase>
  <testcase name="setUp" classname="homePageObjectModule.SignInTest" time="0">
    <skipped/>
  </testcase>
  <testcase name="startExtent" classname="homePageObjectModule.SignInTest" time="0">
    <skipped/>
  </testcase>
  <testcase name="startExtent" classname="homePageObjectModule.SignInTest" time="0">
    <skipped/>
  </testcase>
  <testcase name="init" classname="homePageObjectModule.SignInTest" time="0">
    <skipped/>
  </testcase>
  <testcase name="init" classname="homePageObjectModule.SignInTest" time="0">
    <skipped/>
  </testcase>
  <testcase name="startExtent" classname="homePageObjectModule.HoverOver" time="0">
    <skipped/>
  </testcase>
  <testcase name="startExtent" classname="homePageObjectModule.HoverOver" time="0">
    <skipped/>
  </testcase>
  <testcase name="startExtent" classname="homePageObjectModule.HoverOver" time="0">
    <skipped/>
  </testcase>
  <testcase name="init" classname="homePageObjectModule.HoverOver" time="0">
    <skipped/>
  </testcase>
  <testcase name="init" classname="homePageObjectModule.HoverOver" time="0">
    <skipped/>
  </testcase>
  <testcase name="init" classname="homePageObjectModule.HoverOver" time="0">
    <skipped/>
  </testcase>
  <testcase name="testHoverDepartments" classname="homePageObjectModule.HoverOver" time="0">
    <skipped message="timeout&#10;  (Session info: chrome=69.0.3497.100)&#10;  (Driver info: chromedriver=2.42.591059 (a3d9684d10d61aa0c45f6723b327283be1ebaad8),platform=Mac OS X 10.13.6 x86_64) (WARNING: The server did not provide any stacktrace information)&#10;Command duration or timeout: 0 milliseconds&#10;Build info: version: &apos;3.14.0&apos;, revision: &apos;aacccce0&apos;, time: &apos;2018-08-02T20:19:58.91Z&apos;&#10;System info: host: &apos;Uzzals-MacBook-Pro.local&apos;, ip: &apos;fe80:0:0:0:103f:5e2:79e3:d5b0%en0&apos;, os.name: &apos;Mac OS X&apos;, os.arch: &apos;x86_64&apos;, os.version: &apos;10.13.6&apos;, java.version: &apos;10.0.1&apos;&#10;Driver info: org.openqa.selenium.chrome.ChromeDriver&#10;Capabilities {acceptInsecureCerts: false, acceptSslCerts: false, applicationCacheEnabled: false, browserConnectionEnabled: false, browserName: chrome, chrome: {chromedriverVersion: 2.42.591059 (a3d9684d10d61a..., userDataDir: /var/folders/mp/q48t92j91dz...}, cssSelectorsEnabled: true, databaseEnabled: false, goog:chromeOptions: {debuggerAddress: localhost:65290}, handlesAlerts: true, hasTouchScreen: false, javascriptEnabled: true, locationContextEnabled: true, mobileEmulationEnabled: false, nativeEvents: true, networkConnectionEnabled: false, pageLoadStrategy: normal, platform: MAC, platformName: MAC, rotatable: false, setWindowRect: true, takesHeapSnapshot: true, takesScreenshot: true, unexpectedAlertBehaviour: , unhandledPromptBehavior: , version: 69.0.3497.100, webStorageEnabled: true}&#10;Session ID: 8666193b917e494c16b3cbec0f3f8576"/>
  </testcase>
  <testcase name="createAmazonAccount" classname="homePageObjectModule.SignInTest" time="0">
    <skipped message="timeout&#10;  (Session info: chrome=69.0.3497.100)&#10;  (Driver info: chromedriver=2.42.591059 (a3d9684d10d61aa0c45f6723b327283be1ebaad8),platform=Mac OS X 10.13.6 x86_64) (WARNING: The server did not provide any stacktrace information)&#10;Command duration or timeout: 0 milliseconds&#10;Build info: version: &apos;3.14.0&apos;, revision: &apos;aacccce0&apos;, time: &apos;2018-08-02T20:19:58.91Z&apos;&#10;System info: host: &apos;Uzzals-MacBook-Pro.local&apos;, ip: &apos;fe80:0:0:0:103f:5e2:79e3:d5b0%en0&apos;, os.name: &apos;Mac OS X&apos;, os.arch: &apos;x86_64&apos;, os.version: &apos;10.13.6&apos;, java.version: &apos;10.0.1&apos;&#10;Driver info: org.openqa.selenium.chrome.ChromeDriver&#10;Capabilities {acceptInsecureCerts: false, acceptSslCerts: false, applicationCacheEnabled: false, browserConnectionEnabled: false, browserName: chrome, chrome: {chromedriverVersion: 2.42.591059 (a3d9684d10d61a..., userDataDir: /var/folders/mp/q48t92j91dz...}, cssSelectorsEnabled: true, databaseEnabled: false, goog:chromeOptions: {debuggerAddress: localhost:65287}, handlesAlerts: true, hasTouchScreen: false, javascriptEnabled: true, locationContextEnabled: true, mobileEmulationEnabled: false, nativeEvents: true, networkConnectionEnabled: false, pageLoadStrategy: normal, platform: MAC, platformName: MAC, rotatable: false, setWindowRect: true, takesHeapSnapshot: true, takesScreenshot: true, unexpectedAlertBehaviour: , unhandledPromptBehavior: , version: 69.0.3497.100, webStorageEnabled: true}&#10;Session ID: 2d5d2077f2671de22a834ae57ec24809"/>
  </testcase>
  <testcase name="afterEachTestMethod" classname="homePageObjectModule.HoverOver" time="0">
    <skipped/>
  </testcase>
  <testcase name="afterEachTestMethod" classname="homePageObjectModule.HoverOver" time="0">
    <skipped/>
  </testcase>
  <testcase name="afterEachTestMethod" classname="homePageObjectModule.HoverOver" time="0">
    <skipped/>
  </testcase>
  <testcase name="cleanUp" classname="homePageObjectModule.HoverOver" time="0">
    <skipped/>
  </testcase>
  <testcase name="cleanUp" classname="homePageObjectModule.HoverOver" time="0">
    <skipped/>
  </testcase>
  <testcase name="cleanUp" classname="homePageObjectModule.HoverOver" time="0">
    <skipped/>
  </testcase>
  <testcase name="afterEachTestMethod" classname="homePageObjectModule.SignInTest" time="0">
    <skipped/>
  </testcase>
  <testcase name="afterEachTestMethod" classname="homePageObjectModule.SignInTest" time="0">
    <skipped/>
  </testcase>
  <testcase name="cleanUp" classname="homePageObjectModule.SignInTest" time="0">
    <skipped/>
  </testcase>
  <testcase name="cleanUp" classname="homePageObjectModule.SignInTest" time="0">
    <skipped/>
  </testcase>
  <testcase name="signInAmazon" classname="homePageObjectModule.SignInTest" time="0">
    <skipped message="timeout&#10;  (Session info: chrome=69.0.3497.100)&#10;  (Driver info: chromedriver=2.42.591059 (a3d9684d10d61aa0c45f6723b327283be1ebaad8),platform=Mac OS X 10.13.6 x86_64) (WARNING: The server did not provide any stacktrace information)&#10;Command duration or timeout: 0 milliseconds&#10;Build info: version: &apos;3.14.0&apos;, revision: &apos;aacccce0&apos;, time: &apos;2018-08-02T20:19:58.91Z&apos;&#10;System info: host: &apos;Uzzals-MacBook-Pro.local&apos;, ip: &apos;fe80:0:0:0:103f:5e2:79e3:d5b0%en0&apos;, os.name: &apos;Mac OS X&apos;, os.arch: &apos;x86_64&apos;, os.version: &apos;10.13.6&apos;, java.version: &apos;10.0.1&apos;&#10;Driver info: org.openqa.selenium.chrome.ChromeDriver&#10;Capabilities {acceptInsecureCerts: false, acceptSslCerts: false, applicationCacheEnabled: false, browserConnectionEnabled: false, browserName: chrome, chrome: {chromedriverVersion: 2.42.591059 (a3d9684d10d61a..., userDataDir: /var/folders/mp/q48t92j91dz...}, cssSelectorsEnabled: true, databaseEnabled: false, goog:chromeOptions: {debuggerAddress: localhost:65287}, handlesAlerts: true, hasTouchScreen: false, javascriptEnabled: true, locationContextEnabled: true, mobileEmulationEnabled: false, nativeEvents: true, networkConnectionEnabled: false, pageLoadStrategy: normal, platform: MAC, platformName: MAC, rotatable: false, setWindowRect: true, takesHeapSnapshot: true, takesScreenshot: true, unexpectedAlertBehaviour: , unhandledPromptBehavior: , version: 69.0.3497.100, webStorageEnabled: true}&#10;Session ID: 2d5d2077f2671de22a834ae57ec24809"/>
  </testcase>
  <testcase name="testHoverAmazonTryPrime" classname="homePageObjectModule.HoverOver" time="0">
    <skipped message="timeout&#10;  (Session info: chrome=69.0.3497.100)&#10;  (Driver info: chromedriver=2.42.591059 (a3d9684d10d61aa0c45f6723b327283be1ebaad8),platform=Mac OS X 10.13.6 x86_64) (WARNING: The server did not provide any stacktrace information)&#10;Command duration or timeout: 0 milliseconds&#10;Build info: version: &apos;3.14.0&apos;, revision: &apos;aacccce0&apos;, time: &apos;2018-08-02T20:19:58.91Z&apos;&#10;System info: host: &apos;Uzzals-MacBook-Pro.local&apos;, ip: &apos;fe80:0:0:0:103f:5e2:79e3:d5b0%en0&apos;, os.name: &apos;Mac OS X&apos;, os.arch: &apos;x86_64&apos;, os.version: &apos;10.13.6&apos;, java.version: &apos;10.0.1&apos;&#10;Driver info: org.openqa.selenium.chrome.ChromeDriver&#10;Capabilities {acceptInsecureCerts: false, acceptSslCerts: false, applicationCacheEnabled: false, browserConnectionEnabled: false, browserName: chrome, chrome: {chromedriverVersion: 2.42.591059 (a3d9684d10d61a..., userDataDir: /var/folders/mp/q48t92j91dz...}, cssSelectorsEnabled: true, databaseEnabled: false, goog:chromeOptions: {debuggerAddress: localhost:65296}, handlesAlerts: true, hasTouchScreen: false, javascriptEnabled: true, locationContextEnabled: true, mobileEmulationEnabled: false, nativeEvents: true, networkConnectionEnabled: false, pageLoadStrategy: normal, platform: MAC, platformName: MAC, rotatable: false, setWindowRect: true, takesHeapSnapshot: true, takesScreenshot: true, unexpectedAlertBehaviour: , unhandledPromptBehavior: , version: 69.0.3497.100, webStorageEnabled: true}&#10;Session ID: d3348649d3102425a01011be01ed8d6c"/>
  </testcase>
  <testcase name="setUp" classname="homePageObjectModule.DropDownTest" time="28.546">
    <failure message="timeout&#10;  (Session info: chrome=69.0.3497.100)&#10;  (Driver info: chromedriver=2.42.591059 (a3d9684d10d61aa0c45f6723b327283be1ebaad8),platform=Mac OS X 10.13.6 x86_64) (WARNING: The server did not provide any stacktrace information)&#10;Command duration or timeout: 0 milliseconds&#10;Build info: version: &apos;3.14.0&apos;, revision: &apos;aacccce0&apos;, time: &apos;2018-08-02T20:19:58.91Z&apos;&#10;System info: host: &apos;Uzzals-MacBook-Pro.local&apos;, ip: &apos;fe80:0:0:0:103f:5e2:79e3:d5b0%en0&apos;, os.name: &apos;Mac OS X&apos;, os.arch: &apos;x86_64&apos;, os.version: &apos;10.13.6&apos;, java.version: &apos;10.0.1&apos;&#10;Driver info: org.openqa.selenium.chrome.ChromeDriver&#10;Capabilities {acceptInsecureCerts: false, acceptSslCerts: false, applicationCacheEnabled: false, browserConnectionEnabled: false, browserName: chrome, chrome: {chromedriverVersion: 2.42.591059 (a3d9684d10d61a..., userDataDir: /var/folders/mp/q48t92j91dz...}, cssSelectorsEnabled: true, databaseEnabled: false, goog:chromeOptions: {debuggerAddress: localhost:65299}, handlesAlerts: true, hasTouchScreen: false, javascriptEnabled: true, locationContextEnabled: true, mobileEmulationEnabled: false, nativeEvents: true, networkConnectionEnabled: false, pageLoadStrategy: normal, platform: MAC, platformName: MAC, rotatable: false, setWindowRect: true, takesHeapSnapshot: true, takesScreenshot: true, unexpectedAlertBehaviour: , unhandledPromptBehavior: , version: 69.0.3497.100, webStorageEnabled: true}&#10;Session ID: 4f9c5af6957e7fb24c35d20dc3c01121" type="org.openqa.selenium.TimeoutException">org.openqa.selenium.TimeoutException: 
timeout
  (Session info: chrome=69.0.3497.100)
  (Driver info: chromedriver=2.42.591059 (a3d9684d10d61aa0c45f6723b327283be1ebaad8),platform=Mac OS X 10.13.6 x86_64) (WARNING: The server did not provide any stacktrace information)
Command duration or timeout: 0 milliseconds
Build info: version: '3.14.0', revision: 'aacccce0', time: '2018-08-02T20:19:58.91Z'
System info: host: 'Uzzals-MacBook-Pro.local', ip: 'fe80:0:0:0:103f:5e2:79e3:d5b0%en0', os.name: 'Mac OS X', os.arch: 'x86_64', os.version: '10.13.6', java.version: '10.0.1'
Driver info: org.openqa.selenium.chrome.ChromeDriver
Capabilities {acceptInsecureCerts: false, acceptSslCerts: false, applicationCacheEnabled: false, browserConnectionEnabled: false, browserName: chrome, chrome: {chromedriverVersion: 2.42.591059 (a3d9684d10d61a..., userDataDir: /var/folders/mp/q48t92j91dz...}, cssSelectorsEnabled: true, databaseEnabled: false, goog:chromeOptions: {debuggerAddress: localhost:65299}, handlesAlerts: true, hasTouchScreen: false, javascriptEnabled: true, locationContextEnabled: true, mobileEmulationEnabled: false, nativeEvents: true, networkConnectionEnabled: false, pageLoadStrategy: normal, platform: MAC, platformName: MAC, rotatable: false, setWindowRect: true, takesHeapSnapshot: true, takesScreenshot: true, unexpectedAlertBehaviour: , unhandledPromptBehavior: , version: 69.0.3497.100, webStorageEnabled: true}
Session ID: 4f9c5af6957e7fb24c35d20dc3c01121
</failure>
    <system-err><![CDATA[Starting ChromeDriver 2.42.591059 (a3d9684d10d61aa0c45f6723b327283be1ebaad8) on port 7536
Only local connections are allowed.
Starting ChromeDriver 2.42.591059 (a3d9684d10d61aa0c45f6723b327283be1ebaad8) on port 14665
Only local connections are allowed.
Starting ChromeDriver 2.42.591059 (a3d9684d10d61aa0c45f6723b327283be1ebaad8) on port 8910
Only local connections are allowed.
[1538871482.138][SEVERE]: Timed out receiving message from renderer: 24.138
[1538871482.138][SEVERE]: Timed out receiving message from renderer: -0.002
]]></system-err>
  </testcase>
  <testcase name="startExtent" classname="homePageObjectModule.DropDownTest" time="0">
    <skipped/>
  </testcase>
  <testcase name="init" classname="homePageObjectModule.DropDownTest" time="0">
    <skipped/>
  </testcase>
  <testcase name="test1" classname="homePageObjectModule.DropDownTest" time="0">
    <skipped message="timeout&#10;  (Session info: chrome=69.0.3497.100)&#10;  (Driver info: chromedriver=2.42.591059 (a3d9684d10d61aa0c45f6723b327283be1ebaad8),platform=Mac OS X 10.13.6 x86_64) (WARNING: The server did not provide any stacktrace information)&#10;Command duration or timeout: 0 milliseconds&#10;Build info: version: &apos;3.14.0&apos;, revision: &apos;aacccce0&apos;, time: &apos;2018-08-02T20:19:58.91Z&apos;&#10;System info: host: &apos;Uzzals-MacBook-Pro.local&apos;, ip: &apos;fe80:0:0:0:103f:5e2:79e3:d5b0%en0&apos;, os.name: &apos;Mac OS X&apos;, os.arch: &apos;x86_64&apos;, os.version: &apos;10.13.6&apos;, java.version: &apos;10.0.1&apos;&#10;Driver info: org.openqa.selenium.chrome.ChromeDriver&#10;Capabilities {acceptInsecureCerts: false, acceptSslCerts: false, applicationCacheEnabled: false, browserConnectionEnabled: false, browserName: chrome, chrome: {chromedriverVersion: 2.42.591059 (a3d9684d10d61a..., userDataDir: /var/folders/mp/q48t92j91dz...}, cssSelectorsEnabled: true, databaseEnabled: false, goog:chromeOptions: {debuggerAddress: localhost:65299}, handlesAlerts: true, hasTouchScreen: false, javascriptEnabled: true, locationContextEnabled: true, mobileEmulationEnabled: false, nativeEvents: true, networkConnectionEnabled: false, pageLoadStrategy: normal, platform: MAC, platformName: MAC, rotatable: false, setWindowRect: true, takesHeapSnapshot: true, takesScreenshot: true, unexpectedAlertBehaviour: , unhandledPromptBehavior: , version: 69.0.3497.100, webStorageEnabled: true}&#10;Session ID: 4f9c5af6957e7fb24c35d20dc3c01121"/>
  </testcase>
  <testcase name="afterEachTestMethod" classname="homePageObjectModule.DropDownTest" time="0">
    <skipped/>
  </testcase>
  <testcase name="cleanUp" classname="homePageObjectModule.DropDownTest" time="0">
    <skipped/>
  </testcase>
  <testcase name="testHoverAccountAndListBox" classname="homePageObjectModule.HoverOver" time="0">
    <skipped message="timeout&#10;  (Session info: chrome=69.0.3497.100)&#10;  (Driver info: chromedriver=2.42.591059 (a3d9684d10d61aa0c45f6723b327283be1ebaad8),platform=Mac OS X 10.13.6 x86_64) (WARNING: The server did not provide any stacktrace information)&#10;Command duration or timeout: 0 milliseconds&#10;Build info: version: &apos;3.14.0&apos;, revision: &apos;aacccce0&apos;, time: &apos;2018-08-02T20:19:58.91Z&apos;&#10;System info: host: &apos;Uzzals-MacBook-Pro.local&apos;, ip: &apos;fe80:0:0:0:103f:5e2:79e3:d5b0%en0&apos;, os.name: &apos;Mac OS X&apos;, os.arch: &apos;x86_64&apos;, os.version: &apos;10.13.6&apos;, java.version: &apos;10.0.1&apos;&#10;Driver info: org.openqa.selenium.chrome.ChromeDriver&#10;Capabilities {acceptInsecureCerts: false, acceptSslCerts: false, applicationCacheEnabled: false, browserConnectionEnabled: false, browserName: chrome, chrome: {chromedriverVersion: 2.42.591059 (a3d9684d10d61a..., userDataDir: /var/folders/mp/q48t92j91dz...}, cssSelectorsEnabled: true, databaseEnabled: false, goog:chromeOptions: {debuggerAddress: localhost:65296}, handlesAlerts: true, hasTouchScreen: false, javascriptEnabled: true, locationContextEnabled: true, mobileEmulationEnabled: false, nativeEvents: true, networkConnectionEnabled: false, pageLoadStrategy: normal, platform: MAC, platformName: MAC, rotatable: false, setWindowRect: true, takesHeapSnapshot: true, takesScreenshot: true, unexpectedAlertBehaviour: , unhandledPromptBehavior: , version: 69.0.3497.100, webStorageEnabled: true}&#10;Session ID: d3348649d3102425a01011be01ed8d6c"/>
  </testcase>
  <testcase name="setUp" classname="homePageObjectModule.TestClickElement" time="55.227">
    <failure message="timeout&#10;  (Session info: chrome=69.0.3497.100)&#10;  (Driver info: chromedriver=2.42.591059 (a3d9684d10d61aa0c45f6723b327283be1ebaad8),platform=Mac OS X 10.13.6 x86_64) (WARNING: The server did not provide any stacktrace information)&#10;Command duration or timeout: 0 milliseconds&#10;Build info: version: &apos;3.14.0&apos;, revision: &apos;aacccce0&apos;, time: &apos;2018-08-02T20:19:58.91Z&apos;&#10;System info: host: &apos;Uzzals-MacBook-Pro.local&apos;, ip: &apos;fe80:0:0:0:103f:5e2:79e3:d5b0%en0&apos;, os.name: &apos;Mac OS X&apos;, os.arch: &apos;x86_64&apos;, os.version: &apos;10.13.6&apos;, java.version: &apos;10.0.1&apos;&#10;Driver info: org.openqa.selenium.chrome.ChromeDriver&#10;Capabilities {acceptInsecureCerts: false, acceptSslCerts: false, applicationCacheEnabled: false, browserConnectionEnabled: false, browserName: chrome, chrome: {chromedriverVersion: 2.42.591059 (a3d9684d10d61a..., userDataDir: /var/folders/mp/q48t92j91dz...}, cssSelectorsEnabled: true, databaseEnabled: false, goog:chromeOptions: {debuggerAddress: localhost:49178}, handlesAlerts: true, hasTouchScreen: false, javascriptEnabled: true, locationContextEnabled: true, mobileEmulationEnabled: false, nativeEvents: true, networkConnectionEnabled: false, pageLoadStrategy: normal, platform: MAC, platformName: MAC, rotatable: false, setWindowRect: true, takesHeapSnapshot: true, takesScreenshot: true, unexpectedAlertBehaviour: , unhandledPromptBehavior: , version: 69.0.3497.100, webStorageEnabled: true}&#10;Session ID: b04ecbbbbf6dccbd888dc37da91e7ee5" type="org.openqa.selenium.TimeoutException">org.openqa.selenium.TimeoutException: 
timeout
  (Session info: chrome=69.0.3497.100)
  (Driver info: chromedriver=2.42.591059 (a3d9684d10d61aa0c45f6723b327283be1ebaad8),platform=Mac OS X 10.13.6 x86_64) (WARNING: The server did not provide any stacktrace information)
Command duration or timeout: 0 milliseconds
Build info: version: '3.14.0', revision: 'aacccce0', time: '2018-08-02T20:19:58.91Z'
System info: host: 'Uzzals-MacBook-Pro.local', ip: 'fe80:0:0:0:103f:5e2:79e3:d5b0%en0', os.name: 'Mac OS X', os.arch: 'x86_64', os.version: '10.13.6', java.version: '10.0.1'
Driver info: org.openqa.selenium.chrome.ChromeDriver
Capabilities {acceptInsecureCerts: false, acceptSslCerts: false, applicationCacheEnabled: false, browserConnectionEnabled: false, browserName: chrome, chrome: {chromedriverVersion: 2.42.591059 (a3d9684d10d61a..., userDataDir: /var/folders/mp/q48t92j91dz...}, cssSelectorsEnabled: true, databaseEnabled: false, goog:chromeOptions: {debuggerAddress: localhost:49178}, handlesAlerts: true, hasTouchScreen: false, javascriptEnabled: true, locationContextEnabled: true, mobileEmulationEnabled: false, nativeEvents: true, networkConnectionEnabled: false, pageLoadStrategy: normal, platform: MAC, platformName: MAC, rotatable: false, setWindowRect: true, takesHeapSnapshot: true, takesScreenshot: true, unexpectedAlertBehaviour: , unhandledPromptBehavior: , version: 69.0.3497.100, webStorageEnabled: true}
Session ID: b04ecbbbbf6dccbd888dc37da91e7ee5
</failure>
    <system-err><![CDATA[Starting ChromeDriver 2.42.591059 (a3d9684d10d61aa0c45f6723b327283be1ebaad8) on port 42240
Only local connections are allowed.
Oct 06, 2018 8:18:03 PM org.openqa.selenium.remote.ProtocolHandshake createSession
INFO: Detected dialect: OSS
Oct 06, 2018 8:18:04 PM org.openqa.selenium.remote.ProtocolHandshake createSession
INFO: Detected dialect: OSS
Oct 06, 2018 8:18:04 PM org.openqa.selenium.remote.ProtocolHandshake createSession
INFO: Detected dialect: OSS
Oct 06, 2018 8:18:04 PM org.openqa.selenium.remote.ProtocolHandshake createSession
INFO: Detected dialect: OSS
Oct 06, 2018 8:18:04 PM org.openqa.selenium.remote.ProtocolHandshake createSession
INFO: Detected dialect: OSS
[1538871508.817][SEVERE]: Timed out receiving message from renderer: 21.251
[1538871508.819][SEVERE]: Timed out receiving message from renderer: -0.002
]]></system-err>
  </testcase>
  <testcase name="setUp" classname="homePageObjectModule.TestClickElement" time="0">
    <skipped/>
  </testcase>
  <testcase name="setUp" classname="homePageObjectModule.TestClickElement" time="0">
    <skipped/>
  </testcase>
  <testcase name="setUp" classname="homePageObjectModule.TestClickElement" time="0">
    <skipped/>
  </testcase>
  <testcase name="setUp" classname="homePageObjectModule.TestClickElement" time="0">
    <skipped/>
  </testcase>
  <testcase name="setUp" classname="homePageObjectModule.TestClickElement" time="0">
    <skipped/>
  </testcase>
  <testcase name="setUp" classname="homePageObjectModule.TestClickElement" time="0">
    <skipped/>
  </testcase>
  <testcase name="setUp" classname="homePageObjectModule.TestClickElement" time="0">
    <skipped/>
  </testcase>
  <testcase name="setUp" classname="homePageObjectModule.TestClickElement" time="0">
    <skipped/>
  </testcase>
  <testcase name="setUp" classname="homePageObjectModule.TestClickElement" time="0">
    <skipped/>
  </testcase>
  <testcase name="setUp" classname="homePageObjectModule.TestClickElement" time="0">
    <skipped/>
  </testcase>
  <testcase name="setUp" classname="homePageObjectModule.TestClickElement" time="0">
    <skipped/>
  </testcase>
  <testcase name="setUp" classname="homePageObjectModule.TestClickElement" time="0">
    <skipped/>
  </testcase>
  <testcase name="setUp" classname="homePageObjectModule.TestClickElement" time="55.449">
    <failure message="timeout&#10;  (Session info: chrome=69.0.3497.100)&#10;  (Driver info: chromedriver=2.42.591059 (a3d9684d10d61aa0c45f6723b327283be1ebaad8),platform=Mac OS X 10.13.6 x86_64) (WARNING: The server did not provide any stacktrace information)&#10;Command duration or timeout: 0 milliseconds&#10;Build info: version: &apos;3.14.0&apos;, revision: &apos;aacccce0&apos;, time: &apos;2018-08-02T20:19:58.91Z&apos;&#10;System info: host: &apos;Uzzals-MacBook-Pro.local&apos;, ip: &apos;fe80:0:0:0:103f:5e2:79e3:d5b0%en0&apos;, os.name: &apos;Mac OS X&apos;, os.arch: &apos;x86_64&apos;, os.version: &apos;10.13.6&apos;, java.version: &apos;10.0.1&apos;&#10;Driver info: org.openqa.selenium.chrome.ChromeDriver&#10;Capabilities {acceptInsecureCerts: false, acceptSslCerts: false, applicationCacheEnabled: false, browserConnectionEnabled: false, browserName: chrome, chrome: {chromedriverVersion: 2.42.591059 (a3d9684d10d61a..., userDataDir: /var/folders/mp/q48t92j91dz...}, cssSelectorsEnabled: true, databaseEnabled: false, goog:chromeOptions: {debuggerAddress: localhost:49177}, handlesAlerts: true, hasTouchScreen: false, javascriptEnabled: true, locationContextEnabled: true, mobileEmulationEnabled: false, nativeEvents: true, networkConnectionEnabled: false, pageLoadStrategy: normal, platform: MAC, platformName: MAC, rotatable: false, setWindowRect: true, takesHeapSnapshot: true, takesScreenshot: true, unexpectedAlertBehaviour: , unhandledPromptBehavior: , version: 69.0.3497.100, webStorageEnabled: true}&#10;Session ID: e38714b0f7e8dfdcebf72d7d056a99d3" type="org.openqa.selenium.TimeoutException">org.openqa.selenium.TimeoutException: 
timeout
  (Session info: chrome=69.0.3497.100)
  (Driver info: chromedriver=2.42.591059 (a3d9684d10d61aa0c45f6723b327283be1ebaad8),platform=Mac OS X 10.13.6 x86_64) (WARNING: The server did not provide any stacktrace information)
Command duration or timeout: 0 milliseconds
Build info: version: '3.14.0', revision: 'aacccce0', time: '2018-08-02T20:19:58.91Z'
System info: host: 'Uzzals-MacBook-Pro.local', ip: 'fe80:0:0:0:103f:5e2:79e3:d5b0%en0', os.name: 'Mac OS X', os.arch: 'x86_64', os.version: '10.13.6', java.version: '10.0.1'
Driver info: org.openqa.selenium.chrome.ChromeDriver
Capabilities {acceptInsecureCerts: false, acceptSslCerts: false, applicationCacheEnabled: false, browserConnectionEnabled: false, browserName: chrome, chrome: {chromedriverVersion: 2.42.591059 (a3d9684d10d61a..., userDataDir: /var/folders/mp/q48t92j91dz...}, cssSelectorsEnabled: true, databaseEnabled: false, goog:chromeOptions: {debuggerAddress: localhost:49177}, handlesAlerts: true, hasTouchScreen: false, javascriptEnabled: true, locationContextEnabled: true, mobileEmulationEnabled: false, nativeEvents: true, networkConnectionEnabled: false, pageLoadStrategy: normal, platform: MAC, platformName: MAC, rotatable: false, setWindowRect: true, takesHeapSnapshot: true, takesScreenshot: true, unexpectedAlertBehaviour: , unhandledPromptBehavior: , version: 69.0.3497.100, webStorageEnabled: true}
Session ID: e38714b0f7e8dfdcebf72d7d056a99d3
</failure>
    <system-err><![CDATA[Starting ChromeDriver 2.42.591059 (a3d9684d10d61aa0c45f6723b327283be1ebaad8) on port 28642
Only local connections are allowed.
[1538871509.036][SEVERE]: Timed out receiving message from renderer: 21.155
[1538871509.039][SEVERE]: Timed out receiving message from renderer: -0.003
]]></system-err>
  </testcase>
  <testcase name="setUp" classname="homePageObjectModule.TestClickElement" time="55.495">
    <failure message="timeout&#10;  (Session info: chrome=69.0.3497.100)&#10;  (Driver info: chromedriver=2.42.591059 (a3d9684d10d61aa0c45f6723b327283be1ebaad8),platform=Mac OS X 10.13.6 x86_64) (WARNING: The server did not provide any stacktrace information)&#10;Command duration or timeout: 0 milliseconds&#10;Build info: version: &apos;3.14.0&apos;, revision: &apos;aacccce0&apos;, time: &apos;2018-08-02T20:19:58.91Z&apos;&#10;System info: host: &apos;Uzzals-MacBook-Pro.local&apos;, ip: &apos;fe80:0:0:0:103f:5e2:79e3:d5b0%en0&apos;, os.name: &apos;Mac OS X&apos;, os.arch: &apos;x86_64&apos;, os.version: &apos;10.13.6&apos;, java.version: &apos;10.0.1&apos;&#10;Driver info: org.openqa.selenium.chrome.ChromeDriver&#10;Capabilities {acceptInsecureCerts: false, acceptSslCerts: false, applicationCacheEnabled: false, browserConnectionEnabled: false, browserName: chrome, chrome: {chromedriverVersion: 2.42.591059 (a3d9684d10d61a..., userDataDir: /var/folders/mp/q48t92j91dz...}, cssSelectorsEnabled: true, databaseEnabled: false, goog:chromeOptions: {debuggerAddress: localhost:49188}, handlesAlerts: true, hasTouchScreen: false, javascriptEnabled: true, locationContextEnabled: true, mobileEmulationEnabled: false, nativeEvents: true, networkConnectionEnabled: false, pageLoadStrategy: normal, platform: MAC, platformName: MAC, rotatable: false, setWindowRect: true, takesHeapSnapshot: true, takesScreenshot: true, unexpectedAlertBehaviour: , unhandledPromptBehavior: , version: 69.0.3497.100, webStorageEnabled: true}&#10;Session ID: 235c895a996faf0af3a342aaf267410b" type="org.openqa.selenium.TimeoutException">org.openqa.selenium.TimeoutException: 
timeout
  (Session info: chrome=69.0.3497.100)
  (Driver info: chromedriver=2.42.591059 (a3d9684d10d61aa0c45f6723b327283be1ebaad8),platform=Mac OS X 10.13.6 x86_64) (WARNING: The server did not provide any stacktrace information)
Command duration or timeout: 0 milliseconds
Build info: version: '3.14.0', revision: 'aacccce0', time: '2018-08-02T20:19:58.91Z'
System info: host: 'Uzzals-MacBook-Pro.local', ip: 'fe80:0:0:0:103f:5e2:79e3:d5b0%en0', os.name: 'Mac OS X', os.arch: 'x86_64', os.version: '10.13.6', java.version: '10.0.1'
Driver info: org.openqa.selenium.chrome.ChromeDriver
Capabilities {acceptInsecureCerts: false, acceptSslCerts: false, applicationCacheEnabled: false, browserConnectionEnabled: false, browserName: chrome, chrome: {chromedriverVersion: 2.42.591059 (a3d9684d10d61a..., userDataDir: /var/folders/mp/q48t92j91dz...}, cssSelectorsEnabled: true, databaseEnabled: false, goog:chromeOptions: {debuggerAddress: localhost:49188}, handlesAlerts: true, hasTouchScreen: false, javascriptEnabled: true, locationContextEnabled: true, mobileEmulationEnabled: false, nativeEvents: true, networkConnectionEnabled: false, pageLoadStrategy: normal, platform: MAC, platformName: MAC, rotatable: false, setWindowRect: true, takesHeapSnapshot: true, takesScreenshot: true, unexpectedAlertBehaviour: , unhandledPromptBehavior: , version: 69.0.3497.100, webStorageEnabled: true}
Session ID: 235c895a996faf0af3a342aaf267410b
</failure>
    <system-err><![CDATA[[1538871509.068][SEVERE]: Timed out receiving message from renderer: 20.167
[1538871509.071][SEVERE]: Timed out receiving message from renderer: -0.003
]]></system-err>
  </testcase>
  <testcase name="setUp" classname="homePageObjectModule.TestClickElement" time="55.669">
    <failure message="timeout&#10;  (Session info: chrome=69.0.3497.100)&#10;  (Driver info: chromedriver=2.42.591059 (a3d9684d10d61aa0c45f6723b327283be1ebaad8),platform=Mac OS X 10.13.6 x86_64) (WARNING: The server did not provide any stacktrace information)&#10;Command duration or timeout: 0 milliseconds&#10;Build info: version: &apos;3.14.0&apos;, revision: &apos;aacccce0&apos;, time: &apos;2018-08-02T20:19:58.91Z&apos;&#10;System info: host: &apos;Uzzals-MacBook-Pro.local&apos;, ip: &apos;fe80:0:0:0:103f:5e2:79e3:d5b0%en0&apos;, os.name: &apos;Mac OS X&apos;, os.arch: &apos;x86_64&apos;, os.version: &apos;10.13.6&apos;, java.version: &apos;10.0.1&apos;&#10;Driver info: org.openqa.selenium.chrome.ChromeDriver&#10;Capabilities {acceptInsecureCerts: false, acceptSslCerts: false, applicationCacheEnabled: false, browserConnectionEnabled: false, browserName: chrome, chrome: {chromedriverVersion: 2.42.591059 (a3d9684d10d61a..., userDataDir: /var/folders/mp/q48t92j91dz...}, cssSelectorsEnabled: true, databaseEnabled: false, goog:chromeOptions: {debuggerAddress: localhost:49191}, handlesAlerts: true, hasTouchScreen: false, javascriptEnabled: true, locationContextEnabled: true, mobileEmulationEnabled: false, nativeEvents: true, networkConnectionEnabled: false, pageLoadStrategy: normal, platform: MAC, platformName: MAC, rotatable: false, setWindowRect: true, takesHeapSnapshot: true, takesScreenshot: true, unexpectedAlertBehaviour: , unhandledPromptBehavior: , version: 69.0.3497.100, webStorageEnabled: true}&#10;Session ID: fa4b0fb1730f6bbbff699db3c14000ea" type="org.openqa.selenium.TimeoutException">org.openqa.selenium.TimeoutException: 
timeout
  (Session info: chrome=69.0.3497.100)
  (Driver info: chromedriver=2.42.591059 (a3d9684d10d61aa0c45f6723b327283be1ebaad8),platform=Mac OS X 10.13.6 x86_64) (WARNING: The server did not provide any stacktrace information)
Command duration or timeout: 0 milliseconds
Build info: version: '3.14.0', revision: 'aacccce0', time: '2018-08-02T20:19:58.91Z'
System info: host: 'Uzzals-MacBook-Pro.local', ip: 'fe80:0:0:0:103f:5e2:79e3:d5b0%en0', os.name: 'Mac OS X', os.arch: 'x86_64', os.version: '10.13.6', java.version: '10.0.1'
Driver info: org.openqa.selenium.chrome.ChromeDriver
Capabilities {acceptInsecureCerts: false, acceptSslCerts: false, applicationCacheEnabled: false, browserConnectionEnabled: false, browserName: chrome, chrome: {chromedriverVersion: 2.42.591059 (a3d9684d10d61a..., userDataDir: /var/folders/mp/q48t92j91dz...}, cssSelectorsEnabled: true, databaseEnabled: false, goog:chromeOptions: {debuggerAddress: localhost:49191}, handlesAlerts: true, hasTouchScreen: false, javascriptEnabled: true, locationContextEnabled: true, mobileEmulationEnabled: false, nativeEvents: true, networkConnectionEnabled: false, pageLoadStrategy: normal, platform: MAC, platformName: MAC, rotatable: false, setWindowRect: true, takesHeapSnapshot: true, takesScreenshot: true, unexpectedAlertBehaviour: , unhandledPromptBehavior: , version: 69.0.3497.100, webStorageEnabled: true}
Session ID: fa4b0fb1730f6bbbff699db3c14000ea
</failure>
    <system-err><![CDATA[Starting ChromeDriver 2.42.591059 (a3d9684d10d61aa0c45f6723b327283be1ebaad8) on port 11431
Only local connections are allowed.
[1538871509.203][SEVERE]: Timed out receiving message from renderer: 20.189
[1538871509.205][SEVERE]: Timed out receiving message from renderer: -0.003
]]></system-err>
  </testcase>
  <testcase name="setUp" classname="homePageObjectModule.TestClickElement" time="55.914">
    <failure message="timeout&#10;  (Session info: chrome=69.0.3497.100)&#10;  (Driver info: chromedriver=2.42.591059 (a3d9684d10d61aa0c45f6723b327283be1ebaad8),platform=Mac OS X 10.13.6 x86_64) (WARNING: The server did not provide any stacktrace information)&#10;Command duration or timeout: 0 milliseconds&#10;Build info: version: &apos;3.14.0&apos;, revision: &apos;aacccce0&apos;, time: &apos;2018-08-02T20:19:58.91Z&apos;&#10;System info: host: &apos;Uzzals-MacBook-Pro.local&apos;, ip: &apos;fe80:0:0:0:103f:5e2:79e3:d5b0%en0&apos;, os.name: &apos;Mac OS X&apos;, os.arch: &apos;x86_64&apos;, os.version: &apos;10.13.6&apos;, java.version: &apos;10.0.1&apos;&#10;Driver info: org.openqa.selenium.chrome.ChromeDriver&#10;Capabilities {acceptInsecureCerts: false, acceptSslCerts: false, applicationCacheEnabled: false, browserConnectionEnabled: false, browserName: chrome, chrome: {chromedriverVersion: 2.42.591059 (a3d9684d10d61a..., userDataDir: /var/folders/mp/q48t92j91dz...}, cssSelectorsEnabled: true, databaseEnabled: false, goog:chromeOptions: {debuggerAddress: localhost:49194}, handlesAlerts: true, hasTouchScreen: false, javascriptEnabled: true, locationContextEnabled: true, mobileEmulationEnabled: false, nativeEvents: true, networkConnectionEnabled: false, pageLoadStrategy: normal, platform: MAC, platformName: MAC, rotatable: false, setWindowRect: true, takesHeapSnapshot: true, takesScreenshot: true, unexpectedAlertBehaviour: , unhandledPromptBehavior: , version: 69.0.3497.100, webStorageEnabled: true}&#10;Session ID: 35df41a6110819f2b00e62ef45fe5e77" type="org.openqa.selenium.TimeoutException">org.openqa.selenium.TimeoutException: 
timeout
  (Session info: chrome=69.0.3497.100)
  (Driver info: chromedriver=2.42.591059 (a3d9684d10d61aa0c45f6723b327283be1ebaad8),platform=Mac OS X 10.13.6 x86_64) (WARNING: The server did not provide any stacktrace information)
Command duration or timeout: 0 milliseconds
Build info: version: '3.14.0', revision: 'aacccce0', time: '2018-08-02T20:19:58.91Z'
System info: host: 'Uzzals-MacBook-Pro.local', ip: 'fe80:0:0:0:103f:5e2:79e3:d5b0%en0', os.name: 'Mac OS X', os.arch: 'x86_64', os.version: '10.13.6', java.version: '10.0.1'
Driver info: org.openqa.selenium.chrome.ChromeDriver
Capabilities {acceptInsecureCerts: false, acceptSslCerts: false, applicationCacheEnabled: false, browserConnectionEnabled: false, browserName: chrome, chrome: {chromedriverVersion: 2.42.591059 (a3d9684d10d61a..., userDataDir: /var/folders/mp/q48t92j91dz...}, cssSelectorsEnabled: true, databaseEnabled: false, goog:chromeOptions: {debuggerAddress: localhost:49194}, handlesAlerts: true, hasTouchScreen: false, javascriptEnabled: true, locationContextEnabled: true, mobileEmulationEnabled: false, nativeEvents: true, networkConnectionEnabled: false, pageLoadStrategy: normal, platform: MAC, platformName: MAC, rotatable: false, setWindowRect: true, takesHeapSnapshot: true, takesScreenshot: true, unexpectedAlertBehaviour: , unhandledPromptBehavior: , version: 69.0.3497.100, webStorageEnabled: true}
Session ID: 35df41a6110819f2b00e62ef45fe5e77
</failure>
    <system-err><![CDATA[[1538871509.493][SEVERE]: Timed out receiving message from renderer: 20.273
[1538871509.506][SEVERE]: Timed out receiving message from renderer: -0.014
]]></system-err>
  </testcase>
  <testcase name="startExtent" classname="homePageObjectModule.TestClickElement" time="0">
    <skipped/>
  </testcase>
  <testcase name="startExtent" classname="homePageObjectModule.TestClickElement" time="0">
    <skipped/>
  </testcase>
  <testcase name="startExtent" classname="homePageObjectModule.TestClickElement" time="0">
    <skipped/>
  </testcase>
  <testcase name="startExtent" classname="homePageObjectModule.TestClickElement" time="0">
    <skipped/>
  </testcase>
  <testcase name="startExtent" classname="homePageObjectModule.TestClickElement" time="0">
    <skipped/>
  </testcase>
  <testcase name="startExtent" classname="homePageObjectModule.TestClickElement" time="0">
    <skipped/>
  </testcase>
  <testcase name="startExtent" classname="homePageObjectModule.TestClickElement" time="0">
    <skipped/>
  </testcase>
  <testcase name="startExtent" classname="homePageObjectModule.TestClickElement" time="0">
    <skipped/>
  </testcase>
  <testcase name="startExtent" classname="homePageObjectModule.TestClickElement" time="0">
    <skipped/>
  </testcase>
  <testcase name="startExtent" classname="homePageObjectModule.TestClickElement" time="0">
    <skipped/>
  </testcase>
  <testcase name="startExtent" classname="homePageObjectModule.TestClickElement" time="0">
    <skipped/>
  </testcase>
  <testcase name="startExtent" classname="homePageObjectModule.TestClickElement" time="0">
    <skipped/>
  </testcase>
  <testcase name="startExtent" classname="homePageObjectModule.TestClickElement" time="0">
    <skipped/>
  </testcase>
  <testcase name="startExtent" classname="homePageObjectModule.TestClickElement" time="0">
    <skipped/>
  </testcase>
  <testcase name="startExtent" classname="homePageObjectModule.TestClickElement" time="0">
    <skipped/>
  </testcase>
  <testcase name="startExtent" classname="homePageObjectModule.TestClickElement" time="0">
    <skipped/>
  </testcase>
  <testcase name="startExtent" classname="homePageObjectModule.TestClickElement" time="0">
    <skipped/>
  </testcase>
  <testcase name="initialization" classname="homePageObjectModule.TestClickElement" time="0">
    <skipped/>
  </testcase>
  <testcase name="initialization" classname="homePageObjectModule.TestClickElement" time="0">
    <skipped/>
  </testcase>
  <testcase name="initialization" classname="homePageObjectModule.TestClickElement" time="0">
    <skipped/>
  </testcase>
  <testcase name="initialization" classname="homePageObjectModule.TestClickElement" time="0">
    <skipped/>
  </testcase>
  <testcase name="initialization" classname="homePageObjectModule.TestClickElement" time="0">
    <skipped/>
  </testcase>
  <testcase name="initialization" classname="homePageObjectModule.TestClickElement" time="0">
    <skipped/>
  </testcase>
  <testcase name="initialization" classname="homePageObjectModule.TestClickElement" time="0">
    <skipped/>
  </testcase>
  <testcase name="initialization" classname="homePageObjectModule.TestClickElement" time="0">
    <skipped/>
  </testcase>
  <testcase name="initialization" classname="homePageObjectModule.TestClickElement" time="0">
    <skipped/>
  </testcase>
  <testcase name="initialization" classname="homePageObjectModule.TestClickElement" time="0">
    <skipped/>
  </testcase>
  <testcase name="initialization" classname="homePageObjectModule.TestClickElement" time="0">
    <skipped/>
  </testcase>
  <testcase name="initialization" classname="homePageObjectModule.TestClickElement" time="0">
    <skipped/>
  </testcase>
  <testcase name="initialization" classname="homePageObjectModule.TestClickElement" time="0">
    <skipped/>
  </testcase>
  <testcase name="initialization" classname="homePageObjectModule.TestClickElement" time="0">
    <skipped/>
  </testcase>
  <testcase name="initialization" classname="homePageObjectModule.TestClickElement" time="0">
    <skipped/>
  </testcase>
  <testcase name="initialization" classname="homePageObjectModule.TestClickElement" time="0">
    <skipped/>
  </testcase>
  <testcase name="initialization" classname="homePageObjectModule.TestClickElement" time="0">
    <skipped/>
  </testcase>
  <testcase name="clickAccountAndList" classname="homePageObjectModule.TestClickElement" time="0">
    <skipped message="timeout&#10;  (Session info: chrome=69.0.3497.100)&#10;  (Driver info: chromedriver=2.42.591059 (a3d9684d10d61aa0c45f6723b327283be1ebaad8),platform=Mac OS X 10.13.6 x86_64) (WARNING: The server did not provide any stacktrace information)&#10;Command duration or timeout: 0 milliseconds&#10;Build info: version: &apos;3.14.0&apos;, revision: &apos;aacccce0&apos;, time: &apos;2018-08-02T20:19:58.91Z&apos;&#10;System info: host: &apos;Uzzals-MacBook-Pro.local&apos;, ip: &apos;fe80:0:0:0:103f:5e2:79e3:d5b0%en0&apos;, os.name: &apos;Mac OS X&apos;, os.arch: &apos;x86_64&apos;, os.version: &apos;10.13.6&apos;, java.version: &apos;10.0.1&apos;&#10;Driver info: org.openqa.selenium.chrome.ChromeDriver&#10;Capabilities {acceptInsecureCerts: false, acceptSslCerts: false, applicationCacheEnabled: false, browserConnectionEnabled: false, browserName: chrome, chrome: {chromedriverVersion: 2.42.591059 (a3d9684d10d61a..., userDataDir: /var/folders/mp/q48t92j91dz...}, cssSelectorsEnabled: true, databaseEnabled: false, goog:chromeOptions: {debuggerAddress: localhost:49178}, handlesAlerts: true, hasTouchScreen: false, javascriptEnabled: true, locationContextEnabled: true, mobileEmulationEnabled: false, nativeEvents: true, networkConnectionEnabled: false, pageLoadStrategy: normal, platform: MAC, platformName: MAC, rotatable: false, setWindowRect: true, takesHeapSnapshot: true, takesScreenshot: true, unexpectedAlertBehaviour: , unhandledPromptBehavior: , version: 69.0.3497.100, webStorageEnabled: true}&#10;Session ID: b04ecbbbbf6dccbd888dc37da91e7ee5"/>
  </testcase>
  <testcase name="afterEachTestMethod" classname="homePageObjectModule.TestClickElement" time="0">
    <skipped/>
  </testcase>
  <testcase name="afterEachTestMethod" classname="homePageObjectModule.TestClickElement" time="0">
    <skipped/>
  </testcase>
  <testcase name="afterEachTestMethod" classname="homePageObjectModule.TestClickElement" time="0">
    <skipped/>
  </testcase>
  <testcase name="afterEachTestMethod" classname="homePageObjectModule.TestClickElement" time="0">
    <skipped/>
  </testcase>
  <testcase name="afterEachTestMethod" classname="homePageObjectModule.TestClickElement" time="0">
    <skipped/>
  </testcase>
  <testcase name="afterEachTestMethod" classname="homePageObjectModule.TestClickElement" time="0">
    <skipped/>
  </testcase>
  <testcase name="afterEachTestMethod" classname="homePageObjectModule.TestClickElement" time="0">
    <skipped/>
  </testcase>
  <testcase name="afterEachTestMethod" classname="homePageObjectModule.TestClickElement" time="0">
    <skipped/>
  </testcase>
  <testcase name="afterEachTestMethod" classname="homePageObjectModule.TestClickElement" time="0">
    <skipped/>
  </testcase>
  <testcase name="afterEachTestMethod" classname="homePageObjectModule.TestClickElement" time="0">
    <skipped/>
  </testcase>
  <testcase name="afterEachTestMethod" classname="homePageObjectModule.TestClickElement" time="0">
    <skipped/>
  </testcase>
  <testcase name="afterEachTestMethod" classname="homePageObjectModule.TestClickElement" time="0">
    <skipped/>
  </testcase>
  <testcase name="afterEachTestMethod" classname="homePageObjectModule.TestClickElement" time="0">
    <skipped/>
  </testcase>
  <testcase name="afterEachTestMethod" classname="homePageObjectModule.TestClickElement" time="0">
    <skipped/>
  </testcase>
  <testcase name="afterEachTestMethod" classname="homePageObjectModule.TestClickElement" time="0">
    <skipped/>
  </testcase>
  <testcase name="afterEachTestMethod" classname="homePageObjectModule.TestClickElement" time="0">
    <skipped/>
  </testcase>
  <testcase name="afterEachTestMethod" classname="homePageObjectModule.TestClickElement" time="0">
    <skipped/>
  </testcase>
  <testcase name="cleanUp" classname="homePageObjectModule.TestClickElement" time="0">
    <skipped/>
  </testcase>
  <testcase name="cleanUp" classname="homePageObjectModule.TestClickElement" time="0">
    <skipped/>
  </testcase>
  <testcase name="cleanUp" classname="homePageObjectModule.TestClickElement" time="0">
    <skipped/>
  </testcase>
  <testcase name="cleanUp" classname="homePageObjectModule.TestClickElement" time="0">
    <skipped/>
  </testcase>
  <testcase name="cleanUp" classname="homePageObjectModule.TestClickElement" time="0">
    <skipped/>
  </testcase>
  <testcase name="cleanUp" classname="homePageObjectModule.TestClickElement" time="0">
    <skipped/>
  </testcase>
  <testcase name="cleanUp" classname="homePageObjectModule.TestClickElement" time="0">
    <skipped/>
  </testcase>
  <testcase name="cleanUp" classname="homePageObjectModule.TestClickElement" time="0">
    <skipped/>
  </testcase>
  <testcase name="cleanUp" classname="homePageObjectModule.TestClickElement" time="0">
    <skipped/>
  </testcase>
  <testcase name="cleanUp" classname="homePageObjectModule.TestClickElement" time="0">
    <skipped/>
  </testcase>
  <testcase name="cleanUp" classname="homePageObjectModule.TestClickElement" time="0">
    <skipped/>
  </testcase>
  <testcase name="cleanUp" classname="homePageObjectModule.TestClickElement" time="0">
    <skipped/>
  </testcase>
  <testcase name="cleanUp" classname="homePageObjectModule.TestClickElement" time="0">
    <skipped/>
  </testcase>
  <testcase name="cleanUp" classname="homePageObjectModule.TestClickElement" time="0">
    <skipped/>
  </testcase>
  <testcase name="cleanUp" classname="homePageObjectModule.TestClickElement" time="0">
    <skipped/>
  </testcase>
  <testcase name="cleanUp" classname="homePageObjectModule.TestClickElement" time="0">
    <skipped/>
  </testcase>
  <testcase name="cleanUp" classname="homePageObjectModule.TestClickElement" time="0">
    <skipped/>
  </testcase>
  <testcase name="clickDeliveryToBox" classname="homePageObjectModule.TestClickElement" time="0">
    <skipped message="timeout&#10;  (Session info: chrome=69.0.3497.100)&#10;  (Driver info: chromedriver=2.42.591059 (a3d9684d10d61aa0c45f6723b327283be1ebaad8),platform=Mac OS X 10.13.6 x86_64) (WARNING: The server did not provide any stacktrace information)&#10;Command duration or timeout: 0 milliseconds&#10;Build info: version: &apos;3.14.0&apos;, revision: &apos;aacccce0&apos;, time: &apos;2018-08-02T20:19:58.91Z&apos;&#10;System info: host: &apos;Uzzals-MacBook-Pro.local&apos;, ip: &apos;fe80:0:0:0:103f:5e2:79e3:d5b0%en0&apos;, os.name: &apos;Mac OS X&apos;, os.arch: &apos;x86_64&apos;, os.version: &apos;10.13.6&apos;, java.version: &apos;10.0.1&apos;&#10;Driver info: org.openqa.selenium.chrome.ChromeDriver&#10;Capabilities {acceptInsecureCerts: false, acceptSslCerts: false, applicationCacheEnabled: false, browserConnectionEnabled: false, browserName: chrome, chrome: {chromedriverVersion: 2.42.591059 (a3d9684d10d61a..., userDataDir: /var/folders/mp/q48t92j91dz...}, cssSelectorsEnabled: true, databaseEnabled: false, goog:chromeOptions: {debuggerAddress: localhost:49178}, handlesAlerts: true, hasTouchScreen: false, javascriptEnabled: true, locationContextEnabled: true, mobileEmulationEnabled: false, nativeEvents: true, networkConnectionEnabled: false, pageLoadStrategy: normal, platform: MAC, platformName: MAC, rotatable: false, setWindowRect: true, takesHeapSnapshot: true, takesScreenshot: true, unexpectedAlertBehaviour: , unhandledPromptBehavior: , version: 69.0.3497.100, webStorageEnabled: true}&#10;Session ID: b04ecbbbbf6dccbd888dc37da91e7ee5"/>
  </testcase>
  <testcase name="clickDeliveyAddressText" classname="homePageObjectModule.TestClickElement" time="0">
    <skipped message="timeout&#10;  (Session info: chrome=69.0.3497.100)&#10;  (Driver info: chromedriver=2.42.591059 (a3d9684d10d61aa0c45f6723b327283be1ebaad8),platform=Mac OS X 10.13.6 x86_64) (WARNING: The server did not provide any stacktrace information)&#10;Command duration or timeout: 0 milliseconds&#10;Build info: version: &apos;3.14.0&apos;, revision: &apos;aacccce0&apos;, time: &apos;2018-08-02T20:19:58.91Z&apos;&#10;System info: host: &apos;Uzzals-MacBook-Pro.local&apos;, ip: &apos;fe80:0:0:0:103f:5e2:79e3:d5b0%en0&apos;, os.name: &apos;Mac OS X&apos;, os.arch: &apos;x86_64&apos;, os.version: &apos;10.13.6&apos;, java.version: &apos;10.0.1&apos;&#10;Driver info: org.openqa.selenium.chrome.ChromeDriver&#10;Capabilities {acceptInsecureCerts: false, acceptSslCerts: false, applicationCacheEnabled: false, browserConnectionEnabled: false, browserName: chrome, chrome: {chromedriverVersion: 2.42.591059 (a3d9684d10d61a..., userDataDir: /var/folders/mp/q48t92j91dz...}, cssSelectorsEnabled: true, databaseEnabled: false, goog:chromeOptions: {debuggerAddress: localhost:49178}, handlesAlerts: true, hasTouchScreen: false, javascriptEnabled: true, locationContextEnabled: true, mobileEmulationEnabled: false, nativeEvents: true, networkConnectionEnabled: false, pageLoadStrategy: normal, platform: MAC, platformName: MAC, rotatable: false, setWindowRect: true, takesHeapSnapshot: true, takesScreenshot: true, unexpectedAlertBehaviour: , unhandledPromptBehavior: , version: 69.0.3497.100, webStorageEnabled: true}&#10;Session ID: b04ecbbbbf6dccbd888dc37da91e7ee5"/>
  </testcase>
  <testcase name="clickFindaGiftLink" classname="homePageObjectModule.TestClickElement" time="0">
    <skipped message="timeout&#10;  (Session info: chrome=69.0.3497.100)&#10;  (Driver info: chromedriver=2.42.591059 (a3d9684d10d61aa0c45f6723b327283be1ebaad8),platform=Mac OS X 10.13.6 x86_64) (WARNING: The server did not provide any stacktrace information)&#10;Command duration or timeout: 0 milliseconds&#10;Build info: version: &apos;3.14.0&apos;, revision: &apos;aacccce0&apos;, time: &apos;2018-08-02T20:19:58.91Z&apos;&#10;System info: host: &apos;Uzzals-MacBook-Pro.local&apos;, ip: &apos;fe80:0:0:0:103f:5e2:79e3:d5b0%en0&apos;, os.name: &apos;Mac OS X&apos;, os.arch: &apos;x86_64&apos;, os.version: &apos;10.13.6&apos;, java.version: &apos;10.0.1&apos;&#10;Driver info: org.openqa.selenium.chrome.ChromeDriver&#10;Capabilities {acceptInsecureCerts: false, acceptSslCerts: false, applicationCacheEnabled: false, browserConnectionEnabled: false, browserName: chrome, chrome: {chromedriverVersion: 2.42.591059 (a3d9684d10d61a..., userDataDir: /var/folders/mp/q48t92j91dz...}, cssSelectorsEnabled: true, databaseEnabled: false, goog:chromeOptions: {debuggerAddress: localhost:49178}, handlesAlerts: true, hasTouchScreen: false, javascriptEnabled: true, locationContextEnabled: true, mobileEmulationEnabled: false, nativeEvents: true, networkConnectionEnabled: false, pageLoadStrategy: normal, platform: MAC, platformName: MAC, rotatable: false, setWindowRect: true, takesHeapSnapshot: true, takesScreenshot: true, unexpectedAlertBehaviour: , unhandledPromptBehavior: , version: 69.0.3497.100, webStorageEnabled: true}&#10;Session ID: b04ecbbbbf6dccbd888dc37da91e7ee5"/>
  </testcase>
  <testcase name="clickGiftCardLink" classname="homePageObjectModule.TestClickElement" time="0">
    <skipped message="timeout&#10;  (Session info: chrome=69.0.3497.100)&#10;  (Driver info: chromedriver=2.42.591059 (a3d9684d10d61aa0c45f6723b327283be1ebaad8),platform=Mac OS X 10.13.6 x86_64) (WARNING: The server did not provide any stacktrace information)&#10;Command duration or timeout: 0 milliseconds&#10;Build info: version: &apos;3.14.0&apos;, revision: &apos;aacccce0&apos;, time: &apos;2018-08-02T20:19:58.91Z&apos;&#10;System info: host: &apos;Uzzals-MacBook-Pro.local&apos;, ip: &apos;fe80:0:0:0:103f:5e2:79e3:d5b0%en0&apos;, os.name: &apos;Mac OS X&apos;, os.arch: &apos;x86_64&apos;, os.version: &apos;10.13.6&apos;, java.version: &apos;10.0.1&apos;&#10;Driver info: org.openqa.selenium.chrome.ChromeDriver&#10;Capabilities {acceptInsecureCerts: false, acceptSslCerts: false, applicationCacheEnabled: false, browserConnectionEnabled: false, browserName: chrome, chrome: {chromedriverVersion: 2.42.591059 (a3d9684d10d61a..., userDataDir: /var/folders/mp/q48t92j91dz...}, cssSelectorsEnabled: true, databaseEnabled: false, goog:chromeOptions: {debuggerAddress: localhost:49178}, handlesAlerts: true, hasTouchScreen: false, javascriptEnabled: true, locationContextEnabled: true, mobileEmulationEnabled: false, nativeEvents: true, networkConnectionEnabled: false, pageLoadStrategy: normal, platform: MAC, platformName: MAC, rotatable: false, setWindowRect: true, takesHeapSnapshot: true, takesScreenshot: true, unexpectedAlertBehaviour: , unhandledPromptBehavior: , version: 69.0.3497.100, webStorageEnabled: true}&#10;Session ID: b04ecbbbbf6dccbd888dc37da91e7ee5"/>
  </testcase>
  <testcase name="clickHelpLink" classname="homePageObjectModule.TestClickElement" time="0">
    <skipped message="timeout&#10;  (Session info: chrome=69.0.3497.100)&#10;  (Driver info: chromedriver=2.42.591059 (a3d9684d10d61aa0c45f6723b327283be1ebaad8),platform=Mac OS X 10.13.6 x86_64) (WARNING: The server did not provide any stacktrace information)&#10;Command duration or timeout: 0 milliseconds&#10;Build info: version: &apos;3.14.0&apos;, revision: &apos;aacccce0&apos;, time: &apos;2018-08-02T20:19:58.91Z&apos;&#10;System info: host: &apos;Uzzals-MacBook-Pro.local&apos;, ip: &apos;fe80:0:0:0:103f:5e2:79e3:d5b0%en0&apos;, os.name: &apos;Mac OS X&apos;, os.arch: &apos;x86_64&apos;, os.version: &apos;10.13.6&apos;, java.version: &apos;10.0.1&apos;&#10;Driver info: org.openqa.selenium.chrome.ChromeDriver&#10;Capabilities {acceptInsecureCerts: false, acceptSslCerts: false, applicationCacheEnabled: false, browserConnectionEnabled: false, browserName: chrome, chrome: {chromedriverVersion: 2.42.591059 (a3d9684d10d61a..., userDataDir: /var/folders/mp/q48t92j91dz...}, cssSelectorsEnabled: true, databaseEnabled: false, goog:chromeOptions: {debuggerAddress: localhost:49178}, handlesAlerts: true, hasTouchScreen: false, javascriptEnabled: true, locationContextEnabled: true, mobileEmulationEnabled: false, nativeEvents: true, networkConnectionEnabled: false, pageLoadStrategy: normal, platform: MAC, platformName: MAC, rotatable: false, setWindowRect: true, takesHeapSnapshot: true, takesScreenshot: true, unexpectedAlertBehaviour: , unhandledPromptBehavior: , version: 69.0.3497.100, webStorageEnabled: true}&#10;Session ID: b04ecbbbbf6dccbd888dc37da91e7ee5"/>
  </testcase>
  <testcase name="clickLocationIcon" classname="homePageObjectModule.TestClickElement" time="0">
    <skipped message="timeout&#10;  (Session info: chrome=69.0.3497.100)&#10;  (Driver info: chromedriver=2.42.591059 (a3d9684d10d61aa0c45f6723b327283be1ebaad8),platform=Mac OS X 10.13.6 x86_64) (WARNING: The server did not provide any stacktrace information)&#10;Command duration or timeout: 0 milliseconds&#10;Build info: version: &apos;3.14.0&apos;, revision: &apos;aacccce0&apos;, time: &apos;2018-08-02T20:19:58.91Z&apos;&#10;System info: host: &apos;Uzzals-MacBook-Pro.local&apos;, ip: &apos;fe80:0:0:0:103f:5e2:79e3:d5b0%en0&apos;, os.name: &apos;Mac OS X&apos;, os.arch: &apos;x86_64&apos;, os.version: &apos;10.13.6&apos;, java.version: &apos;10.0.1&apos;&#10;Driver info: org.openqa.selenium.chrome.ChromeDriver&#10;Capabilities {acceptInsecureCerts: false, acceptSslCerts: false, applicationCacheEnabled: false, browserConnectionEnabled: false, browserName: chrome, chrome: {chromedriverVersion: 2.42.591059 (a3d9684d10d61a..., userDataDir: /var/folders/mp/q48t92j91dz...}, cssSelectorsEnabled: true, databaseEnabled: false, goog:chromeOptions: {debuggerAddress: localhost:49178}, handlesAlerts: true, hasTouchScreen: false, javascriptEnabled: true, locationContextEnabled: true, mobileEmulationEnabled: false, nativeEvents: true, networkConnectionEnabled: false, pageLoadStrategy: normal, platform: MAC, platformName: MAC, rotatable: false, setWindowRect: true, takesHeapSnapshot: true, takesScreenshot: true, unexpectedAlertBehaviour: , unhandledPromptBehavior: , version: 69.0.3497.100, webStorageEnabled: true}&#10;Session ID: b04ecbbbbf6dccbd888dc37da91e7ee5"/>
  </testcase>
  <testcase name="clickRegistryLink" classname="homePageObjectModule.TestClickElement" time="0">
    <skipped message="timeout&#10;  (Session info: chrome=69.0.3497.100)&#10;  (Driver info: chromedriver=2.42.591059 (a3d9684d10d61aa0c45f6723b327283be1ebaad8),platform=Mac OS X 10.13.6 x86_64) (WARNING: The server did not provide any stacktrace information)&#10;Command duration or timeout: 0 milliseconds&#10;Build info: version: &apos;3.14.0&apos;, revision: &apos;aacccce0&apos;, time: &apos;2018-08-02T20:19:58.91Z&apos;&#10;System info: host: &apos;Uzzals-MacBook-Pro.local&apos;, ip: &apos;fe80:0:0:0:103f:5e2:79e3:d5b0%en0&apos;, os.name: &apos;Mac OS X&apos;, os.arch: &apos;x86_64&apos;, os.version: &apos;10.13.6&apos;, java.version: &apos;10.0.1&apos;&#10;Driver info: org.openqa.selenium.chrome.ChromeDriver&#10;Capabilities {acceptInsecureCerts: false, acceptSslCerts: false, applicationCacheEnabled: false, browserConnectionEnabled: false, browserName: chrome, chrome: {chromedriverVersion: 2.42.591059 (a3d9684d10d61a..., userDataDir: /var/folders/mp/q48t92j91dz...}, cssSelectorsEnabled: true, databaseEnabled: false, goog:chromeOptions: {debuggerAddress: localhost:49178}, handlesAlerts: true, hasTouchScreen: false, javascriptEnabled: true, locationContextEnabled: true, mobileEmulationEnabled: false, nativeEvents: true, networkConnectionEnabled: false, pageLoadStrategy: normal, platform: MAC, platformName: MAC, rotatable: false, setWindowRect: true, takesHeapSnapshot: true, takesScreenshot: true, unexpectedAlertBehaviour: , unhandledPromptBehavior: , version: 69.0.3497.100, webStorageEnabled: true}&#10;Session ID: b04ecbbbbf6dccbd888dc37da91e7ee5"/>
  </testcase>
  <testcase name="clickSellLink" classname="homePageObjectModule.TestClickElement" time="0">
    <skipped message="timeout&#10;  (Session info: chrome=69.0.3497.100)&#10;  (Driver info: chromedriver=2.42.591059 (a3d9684d10d61aa0c45f6723b327283be1ebaad8),platform=Mac OS X 10.13.6 x86_64) (WARNING: The server did not provide any stacktrace information)&#10;Command duration or timeout: 0 milliseconds&#10;Build info: version: &apos;3.14.0&apos;, revision: &apos;aacccce0&apos;, time: &apos;2018-08-02T20:19:58.91Z&apos;&#10;System info: host: &apos;Uzzals-MacBook-Pro.local&apos;, ip: &apos;fe80:0:0:0:103f:5e2:79e3:d5b0%en0&apos;, os.name: &apos;Mac OS X&apos;, os.arch: &apos;x86_64&apos;, os.version: &apos;10.13.6&apos;, java.version: &apos;10.0.1&apos;&#10;Driver info: org.openqa.selenium.chrome.ChromeDriver&#10;Capabilities {acceptInsecureCerts: false, acceptSslCerts: false, applicationCacheEnabled: false, browserConnectionEnabled: false, browserName: chrome, chrome: {chromedriverVersion: 2.42.591059 (a3d9684d10d61a..., userDataDir: /var/folders/mp/q48t92j91dz...}, cssSelectorsEnabled: true, databaseEnabled: false, goog:chromeOptions: {debuggerAddress: localhost:49178}, handlesAlerts: true, hasTouchScreen: false, javascriptEnabled: true, locationContextEnabled: true, mobileEmulationEnabled: false, nativeEvents: true, networkConnectionEnabled: false, pageLoadStrategy: normal, platform: MAC, platformName: MAC, rotatable: false, setWindowRect: true, takesHeapSnapshot: true, takesScreenshot: true, unexpectedAlertBehaviour: , unhandledPromptBehavior: , version: 69.0.3497.100, webStorageEnabled: true}&#10;Session ID: b04ecbbbbf6dccbd888dc37da91e7ee5"/>
  </testcase>
  <testcase name="clickTodayDealsLink" classname="homePageObjectModule.TestClickElement" time="0">
    <skipped message="timeout&#10;  (Session info: chrome=69.0.3497.100)&#10;  (Driver info: chromedriver=2.42.591059 (a3d9684d10d61aa0c45f6723b327283be1ebaad8),platform=Mac OS X 10.13.6 x86_64) (WARNING: The server did not provide any stacktrace information)&#10;Command duration or timeout: 0 milliseconds&#10;Build info: version: &apos;3.14.0&apos;, revision: &apos;aacccce0&apos;, time: &apos;2018-08-02T20:19:58.91Z&apos;&#10;System info: host: &apos;Uzzals-MacBook-Pro.local&apos;, ip: &apos;fe80:0:0:0:103f:5e2:79e3:d5b0%en0&apos;, os.name: &apos;Mac OS X&apos;, os.arch: &apos;x86_64&apos;, os.version: &apos;10.13.6&apos;, java.version: &apos;10.0.1&apos;&#10;Driver info: org.openqa.selenium.chrome.ChromeDriver&#10;Capabilities {acceptInsecureCerts: false, acceptSslCerts: false, applicationCacheEnabled: false, browserConnectionEnabled: false, browserName: chrome, chrome: {chromedriverVersion: 2.42.591059 (a3d9684d10d61a..., userDataDir: /var/folders/mp/q48t92j91dz...}, cssSelectorsEnabled: true, databaseEnabled: false, goog:chromeOptions: {debuggerAddress: localhost:49178}, handlesAlerts: true, hasTouchScreen: false, javascriptEnabled: true, locationContextEnabled: true, mobileEmulationEnabled: false, nativeEvents: true, networkConnectionEnabled: false, pageLoadStrategy: normal, platform: MAC, platformName: MAC, rotatable: false, setWindowRect: true, takesHeapSnapshot: true, takesScreenshot: true, unexpectedAlertBehaviour: , unhandledPromptBehavior: , version: 69.0.3497.100, webStorageEnabled: true}&#10;Session ID: b04ecbbbbf6dccbd888dc37da91e7ee5"/>
  </testcase>
  <testcase name="clickTopBar" classname="homePageObjectModule.TestClickElement" time="0">
    <skipped message="timeout&#10;  (Session info: chrome=69.0.3497.100)&#10;  (Driver info: chromedriver=2.42.591059 (a3d9684d10d61aa0c45f6723b327283be1ebaad8),platform=Mac OS X 10.13.6 x86_64) (WARNING: The server did not provide any stacktrace information)&#10;Command duration or timeout: 0 milliseconds&#10;Build info: version: &apos;3.14.0&apos;, revision: &apos;aacccce0&apos;, time: &apos;2018-08-02T20:19:58.91Z&apos;&#10;System info: host: &apos;Uzzals-MacBook-Pro.local&apos;, ip: &apos;fe80:0:0:0:103f:5e2:79e3:d5b0%en0&apos;, os.name: &apos;Mac OS X&apos;, os.arch: &apos;x86_64&apos;, os.version: &apos;10.13.6&apos;, java.version: &apos;10.0.1&apos;&#10;Driver info: org.openqa.selenium.chrome.ChromeDriver&#10;Capabilities {acceptInsecureCerts: false, acceptSslCerts: false, applicationCacheEnabled: false, browserConnectionEnabled: false, browserName: chrome, chrome: {chromedriverVersion: 2.42.591059 (a3d9684d10d61a..., userDataDir: /var/folders/mp/q48t92j91dz...}, cssSelectorsEnabled: true, databaseEnabled: false, goog:chromeOptions: {debuggerAddress: localhost:49178}, handlesAlerts: true, hasTouchScreen: false, javascriptEnabled: true, locationContextEnabled: true, mobileEmulationEnabled: false, nativeEvents: true, networkConnectionEnabled: false, pageLoadStrategy: normal, platform: MAC, platformName: MAC, rotatable: false, setWindowRect: true, takesHeapSnapshot: true, takesScreenshot: true, unexpectedAlertBehaviour: , unhandledPromptBehavior: , version: 69.0.3497.100, webStorageEnabled: true}&#10;Session ID: b04ecbbbbf6dccbd888dc37da91e7ee5"/>
  </testcase>
  <testcase name="clickTreasureTruckLink" classname="homePageObjectModule.TestClickElement" time="0">
    <skipped message="timeout&#10;  (Session info: chrome=69.0.3497.100)&#10;  (Driver info: chromedriver=2.42.591059 (a3d9684d10d61aa0c45f6723b327283be1ebaad8),platform=Mac OS X 10.13.6 x86_64) (WARNING: The server did not provide any stacktrace information)&#10;Command duration or timeout: 0 milliseconds&#10;Build info: version: &apos;3.14.0&apos;, revision: &apos;aacccce0&apos;, time: &apos;2018-08-02T20:19:58.91Z&apos;&#10;System info: host: &apos;Uzzals-MacBook-Pro.local&apos;, ip: &apos;fe80:0:0:0:103f:5e2:79e3:d5b0%en0&apos;, os.name: &apos;Mac OS X&apos;, os.arch: &apos;x86_64&apos;, os.version: &apos;10.13.6&apos;, java.version: &apos;10.0.1&apos;&#10;Driver info: org.openqa.selenium.chrome.ChromeDriver&#10;Capabilities {acceptInsecureCerts: false, acceptSslCerts: false, applicationCacheEnabled: false, browserConnectionEnabled: false, browserName: chrome, chrome: {chromedriverVersion: 2.42.591059 (a3d9684d10d61a..., userDataDir: /var/folders/mp/q48t92j91dz...}, cssSelectorsEnabled: true, databaseEnabled: false, goog:chromeOptions: {debuggerAddress: localhost:49178}, handlesAlerts: true, hasTouchScreen: false, javascriptEnabled: true, locationContextEnabled: true, mobileEmulationEnabled: false, nativeEvents: true, networkConnectionEnabled: false, pageLoadStrategy: normal, platform: MAC, platformName: MAC, rotatable: false, setWindowRect: true, takesHeapSnapshot: true, takesScreenshot: true, unexpectedAlertBehaviour: , unhandledPromptBehavior: , version: 69.0.3497.100, webStorageEnabled: true}&#10;Session ID: b04ecbbbbf6dccbd888dc37da91e7ee5"/>
  </testcase>
  <testcase name="clickYourAmazonLink" classname="homePageObjectModule.TestClickElement" time="0">
    <skipped message="timeout&#10;  (Session info: chrome=69.0.3497.100)&#10;  (Driver info: chromedriver=2.42.591059 (a3d9684d10d61aa0c45f6723b327283be1ebaad8),platform=Mac OS X 10.13.6 x86_64) (WARNING: The server did not provide any stacktrace information)&#10;Command duration or timeout: 0 milliseconds&#10;Build info: version: &apos;3.14.0&apos;, revision: &apos;aacccce0&apos;, time: &apos;2018-08-02T20:19:58.91Z&apos;&#10;System info: host: &apos;Uzzals-MacBook-Pro.local&apos;, ip: &apos;fe80:0:0:0:103f:5e2:79e3:d5b0%en0&apos;, os.name: &apos;Mac OS X&apos;, os.arch: &apos;x86_64&apos;, os.version: &apos;10.13.6&apos;, java.version: &apos;10.0.1&apos;&#10;Driver info: org.openqa.selenium.chrome.ChromeDriver&#10;Capabilities {acceptInsecureCerts: false, acceptSslCerts: false, applicationCacheEnabled: false, browserConnectionEnabled: false, browserName: chrome, chrome: {chromedriverVersion: 2.42.591059 (a3d9684d10d61a..., userDataDir: /var/folders/mp/q48t92j91dz...}, cssSelectorsEnabled: true, databaseEnabled: false, goog:chromeOptions: {debuggerAddress: localhost:49178}, handlesAlerts: true, hasTouchScreen: false, javascriptEnabled: true, locationContextEnabled: true, mobileEmulationEnabled: false, nativeEvents: true, networkConnectionEnabled: false, pageLoadStrategy: normal, platform: MAC, platformName: MAC, rotatable: false, setWindowRect: true, takesHeapSnapshot: true, takesScreenshot: true, unexpectedAlertBehaviour: , unhandledPromptBehavior: , version: 69.0.3497.100, webStorageEnabled: true}&#10;Session ID: b04ecbbbbf6dccbd888dc37da91e7ee5"/>
  </testcase>
  <testcase name="clickAccountAndListBox" classname="homePageObjectModule.TestClickElement" time="0">
    <skipped message="timeout&#10;  (Session info: chrome=69.0.3497.100)&#10;  (Driver info: chromedriver=2.42.591059 (a3d9684d10d61aa0c45f6723b327283be1ebaad8),platform=Mac OS X 10.13.6 x86_64) (WARNING: The server did not provide any stacktrace information)&#10;Command duration or timeout: 0 milliseconds&#10;Build info: version: &apos;3.14.0&apos;, revision: &apos;aacccce0&apos;, time: &apos;2018-08-02T20:19:58.91Z&apos;&#10;System info: host: &apos;Uzzals-MacBook-Pro.local&apos;, ip: &apos;fe80:0:0:0:103f:5e2:79e3:d5b0%en0&apos;, os.name: &apos;Mac OS X&apos;, os.arch: &apos;x86_64&apos;, os.version: &apos;10.13.6&apos;, java.version: &apos;10.0.1&apos;&#10;Driver info: org.openqa.selenium.chrome.ChromeDriver&#10;Capabilities {acceptInsecureCerts: false, acceptSslCerts: false, applicationCacheEnabled: false, browserConnectionEnabled: false, browserName: chrome, chrome: {chromedriverVersion: 2.42.591059 (a3d9684d10d61a..., userDataDir: /var/folders/mp/q48t92j91dz...}, cssSelectorsEnabled: true, databaseEnabled: false, goog:chromeOptions: {debuggerAddress: localhost:49177}, handlesAlerts: true, hasTouchScreen: false, javascriptEnabled: true, locationContextEnabled: true, mobileEmulationEnabled: false, nativeEvents: true, networkConnectionEnabled: false, pageLoadStrategy: normal, platform: MAC, platformName: MAC, rotatable: false, setWindowRect: true, takesHeapSnapshot: true, takesScreenshot: true, unexpectedAlertBehaviour: , unhandledPromptBehavior: , version: 69.0.3497.100, webStorageEnabled: true}&#10;Session ID: e38714b0f7e8dfdcebf72d7d056a99d3"/>
  </testcase>
  <testcase name="clickAmazonTryPrimeBox" classname="homePageObjectModule.TestClickElement" time="0">
    <skipped message="timeout&#10;  (Session info: chrome=69.0.3497.100)&#10;  (Driver info: chromedriver=2.42.591059 (a3d9684d10d61aa0c45f6723b327283be1ebaad8),platform=Mac OS X 10.13.6 x86_64) (WARNING: The server did not provide any stacktrace information)&#10;Command duration or timeout: 0 milliseconds&#10;Build info: version: &apos;3.14.0&apos;, revision: &apos;aacccce0&apos;, time: &apos;2018-08-02T20:19:58.91Z&apos;&#10;System info: host: &apos;Uzzals-MacBook-Pro.local&apos;, ip: &apos;fe80:0:0:0:103f:5e2:79e3:d5b0%en0&apos;, os.name: &apos;Mac OS X&apos;, os.arch: &apos;x86_64&apos;, os.version: &apos;10.13.6&apos;, java.version: &apos;10.0.1&apos;&#10;Driver info: org.openqa.selenium.chrome.ChromeDriver&#10;Capabilities {acceptInsecureCerts: false, acceptSslCerts: false, applicationCacheEnabled: false, browserConnectionEnabled: false, browserName: chrome, chrome: {chromedriverVersion: 2.42.591059 (a3d9684d10d61a..., userDataDir: /var/folders/mp/q48t92j91dz...}, cssSelectorsEnabled: true, databaseEnabled: false, goog:chromeOptions: {debuggerAddress: localhost:49188}, handlesAlerts: true, hasTouchScreen: false, javascriptEnabled: true, locationContextEnabled: true, mobileEmulationEnabled: false, nativeEvents: true, networkConnectionEnabled: false, pageLoadStrategy: normal, platform: MAC, platformName: MAC, rotatable: false, setWindowRect: true, takesHeapSnapshot: true, takesScreenshot: true, unexpectedAlertBehaviour: , unhandledPromptBehavior: , version: 69.0.3497.100, webStorageEnabled: true}&#10;Session ID: 235c895a996faf0af3a342aaf267410b"/>
  </testcase>
  <testcase name="clickAmazonTryPrimeText" classname="homePageObjectModule.TestClickElement" time="0">
    <skipped message="timeout&#10;  (Session info: chrome=69.0.3497.100)&#10;  (Driver info: chromedriver=2.42.591059 (a3d9684d10d61aa0c45f6723b327283be1ebaad8),platform=Mac OS X 10.13.6 x86_64) (WARNING: The server did not provide any stacktrace information)&#10;Command duration or timeout: 0 milliseconds&#10;Build info: version: &apos;3.14.0&apos;, revision: &apos;aacccce0&apos;, time: &apos;2018-08-02T20:19:58.91Z&apos;&#10;System info: host: &apos;Uzzals-MacBook-Pro.local&apos;, ip: &apos;fe80:0:0:0:103f:5e2:79e3:d5b0%en0&apos;, os.name: &apos;Mac OS X&apos;, os.arch: &apos;x86_64&apos;, os.version: &apos;10.13.6&apos;, java.version: &apos;10.0.1&apos;&#10;Driver info: org.openqa.selenium.chrome.ChromeDriver&#10;Capabilities {acceptInsecureCerts: false, acceptSslCerts: false, applicationCacheEnabled: false, browserConnectionEnabled: false, browserName: chrome, chrome: {chromedriverVersion: 2.42.591059 (a3d9684d10d61a..., userDataDir: /var/folders/mp/q48t92j91dz...}, cssSelectorsEnabled: true, databaseEnabled: false, goog:chromeOptions: {debuggerAddress: localhost:49188}, handlesAlerts: true, hasTouchScreen: false, javascriptEnabled: true, locationContextEnabled: true, mobileEmulationEnabled: false, nativeEvents: true, networkConnectionEnabled: false, pageLoadStrategy: normal, platform: MAC, platformName: MAC, rotatable: false, setWindowRect: true, takesHeapSnapshot: true, takesScreenshot: true, unexpectedAlertBehaviour: , unhandledPromptBehavior: , version: 69.0.3497.100, webStorageEnabled: true}&#10;Session ID: 235c895a996faf0af3a342aaf267410b"/>
  </testcase>
  <testcase name="clickDeliverToText" classname="homePageObjectModule.TestClickElement" time="0">
    <skipped message="timeout&#10;  (Session info: chrome=69.0.3497.100)&#10;  (Driver info: chromedriver=2.42.591059 (a3d9684d10d61aa0c45f6723b327283be1ebaad8),platform=Mac OS X 10.13.6 x86_64) (WARNING: The server did not provide any stacktrace information)&#10;Command duration or timeout: 0 milliseconds&#10;Build info: version: &apos;3.14.0&apos;, revision: &apos;aacccce0&apos;, time: &apos;2018-08-02T20:19:58.91Z&apos;&#10;System info: host: &apos;Uzzals-MacBook-Pro.local&apos;, ip: &apos;fe80:0:0:0:103f:5e2:79e3:d5b0%en0&apos;, os.name: &apos;Mac OS X&apos;, os.arch: &apos;x86_64&apos;, os.version: &apos;10.13.6&apos;, java.version: &apos;10.0.1&apos;&#10;Driver info: org.openqa.selenium.chrome.ChromeDriver&#10;Capabilities {acceptInsecureCerts: false, acceptSslCerts: false, applicationCacheEnabled: false, browserConnectionEnabled: false, browserName: chrome, chrome: {chromedriverVersion: 2.42.591059 (a3d9684d10d61a..., userDataDir: /var/folders/mp/q48t92j91dz...}, cssSelectorsEnabled: true, databaseEnabled: false, goog:chromeOptions: {debuggerAddress: localhost:49188}, handlesAlerts: true, hasTouchScreen: false, javascriptEnabled: true, locationContextEnabled: true, mobileEmulationEnabled: false, nativeEvents: true, networkConnectionEnabled: false, pageLoadStrategy: normal, platform: MAC, platformName: MAC, rotatable: false, setWindowRect: true, takesHeapSnapshot: true, takesScreenshot: true, unexpectedAlertBehaviour: , unhandledPromptBehavior: , version: 69.0.3497.100, webStorageEnabled: true}&#10;Session ID: 235c895a996faf0af3a342aaf267410b"/>
  </testcase>
  <testcase name="setUp" classname="homePageObjectModule.TestSearchByArrayList" time="81.327">
    <failure message="timeout&#10;  (Session info: chrome=69.0.3497.100)&#10;  (Driver info: chromedriver=2.42.591059 (a3d9684d10d61aa0c45f6723b327283be1ebaad8),platform=Mac OS X 10.13.6 x86_64) (WARNING: The server did not provide any stacktrace information)&#10;Command duration or timeout: 0 milliseconds&#10;Build info: version: &apos;3.14.0&apos;, revision: &apos;aacccce0&apos;, time: &apos;2018-08-02T20:19:58.91Z&apos;&#10;System info: host: &apos;Uzzals-MacBook-Pro.local&apos;, ip: &apos;fe80:0:0:0:103f:5e2:79e3:d5b0%en0&apos;, os.name: &apos;Mac OS X&apos;, os.arch: &apos;x86_64&apos;, os.version: &apos;10.13.6&apos;, java.version: &apos;10.0.1&apos;&#10;Driver info: org.openqa.selenium.chrome.ChromeDriver&#10;Capabilities {acceptInsecureCerts: false, acceptSslCerts: false, applicationCacheEnabled: false, browserConnectionEnabled: false, browserName: chrome, chrome: {chromedriverVersion: 2.42.591059 (a3d9684d10d61a..., userDataDir: /var/folders/mp/q48t92j91dz...}, cssSelectorsEnabled: true, databaseEnabled: false, goog:chromeOptions: {debuggerAddress: localhost:49457}, handlesAlerts: true, hasTouchScreen: false, javascriptEnabled: true, locationContextEnabled: true, mobileEmulationEnabled: false, nativeEvents: true, networkConnectionEnabled: false, pageLoadStrategy: normal, platform: MAC, platformName: MAC, rotatable: false, setWindowRect: true, takesHeapSnapshot: true, takesScreenshot: true, unexpectedAlertBehaviour: , unhandledPromptBehavior: , version: 69.0.3497.100, webStorageEnabled: true}&#10;Session ID: ae5a8ab37ca6503cf1db3c045c39932a" type="org.openqa.selenium.TimeoutException">org.openqa.selenium.TimeoutException: 
timeout
  (Session info: chrome=69.0.3497.100)
  (Driver info: chromedriver=2.42.591059 (a3d9684d10d61aa0c45f6723b327283be1ebaad8),platform=Mac OS X 10.13.6 x86_64) (WARNING: The server did not provide any stacktrace information)
Command duration or timeout: 0 milliseconds
Build info: version: '3.14.0', revision: 'aacccce0', time: '2018-08-02T20:19:58.91Z'
System info: host: 'Uzzals-MacBook-Pro.local', ip: 'fe80:0:0:0:103f:5e2:79e3:d5b0%en0', os.name: 'Mac OS X', os.arch: 'x86_64', os.version: '10.13.6', java.version: '10.0.1'
Driver info: org.openqa.selenium.chrome.ChromeDriver
Capabilities {acceptInsecureCerts: false, acceptSslCerts: false, applicationCacheEnabled: false, browserConnectionEnabled: false, browserName: chrome, chrome: {chromedriverVersion: 2.42.591059 (a3d9684d10d61a..., userDataDir: /var/folders/mp/q48t92j91dz...}, cssSelectorsEnabled: true, databaseEnabled: false, goog:chromeOptions: {debuggerAddress: localhost:49457}, handlesAlerts: true, hasTouchScreen: false, javascriptEnabled: true, locationContextEnabled: true, mobileEmulationEnabled: false, nativeEvents: true, networkConnectionEnabled: false, pageLoadStrategy: normal, platform: MAC, platformName: MAC, rotatable: false, setWindowRect: true, takesHeapSnapshot: true, takesScreenshot: true, unexpectedAlertBehaviour: , unhandledPromptBehavior: , version: 69.0.3497.100, webStorageEnabled: true}
Session ID: ae5a8ab37ca6503cf1db3c045c39932a
</failure>
    <system-err><![CDATA[Oct 06, 2018 8:18:29 PM org.openqa.selenium.remote.ProtocolHandshake createSession
INFO: Detected dialect: OSS
Oct 06, 2018 8:18:30 PM org.openqa.selenium.remote.ProtocolHandshake createSession
INFO: Detected dialect: OSS
[1538871534.906][SEVERE]: Timed out receiving message from renderer: 20.188
[1538871534.908][SEVERE]: Timed out receiving message from renderer: -0.003
]]></system-err>
  </testcase>
  <testcase name="startExtent" classname="homePageObjectModule.TestSearchByArrayList" time="0">
    <skipped/>
  </testcase>
  <testcase name="init" classname="homePageObjectModule.TestSearchByArrayList" time="0">
    <skipped/>
  </testcase>
  <testcase name="SearchWithArrayList" classname="homePageObjectModule.TestSearchByArrayList" time="0">
    <skipped message="timeout&#10;  (Session info: chrome=69.0.3497.100)&#10;  (Driver info: chromedriver=2.42.591059 (a3d9684d10d61aa0c45f6723b327283be1ebaad8),platform=Mac OS X 10.13.6 x86_64) (WARNING: The server did not provide any stacktrace information)&#10;Command duration or timeout: 0 milliseconds&#10;Build info: version: &apos;3.14.0&apos;, revision: &apos;aacccce0&apos;, time: &apos;2018-08-02T20:19:58.91Z&apos;&#10;System info: host: &apos;Uzzals-MacBook-Pro.local&apos;, ip: &apos;fe80:0:0:0:103f:5e2:79e3:d5b0%en0&apos;, os.name: &apos;Mac OS X&apos;, os.arch: &apos;x86_64&apos;, os.version: &apos;10.13.6&apos;, java.version: &apos;10.0.1&apos;&#10;Driver info: org.openqa.selenium.chrome.ChromeDriver&#10;Capabilities {acceptInsecureCerts: false, acceptSslCerts: false, applicationCacheEnabled: false, browserConnectionEnabled: false, browserName: chrome, chrome: {chromedriverVersion: 2.42.591059 (a3d9684d10d61a..., userDataDir: /var/folders/mp/q48t92j91dz...}, cssSelectorsEnabled: true, databaseEnabled: false, goog:chromeOptions: {debuggerAddress: localhost:49457}, handlesAlerts: true, hasTouchScreen: false, javascriptEnabled: true, locationContextEnabled: true, mobileEmulationEnabled: false, nativeEvents: true, networkConnectionEnabled: false, pageLoadStrategy: normal, platform: MAC, platformName: MAC, rotatable: false, setWindowRect: true, takesHeapSnapshot: true, takesScreenshot: true, unexpectedAlertBehaviour: , unhandledPromptBehavior: , version: 69.0.3497.100, webStorageEnabled: true}&#10;Session ID: ae5a8ab37ca6503cf1db3c045c39932a"/>
  </testcase>
  <testcase name="afterEachTestMethod" classname="homePageObjectModule.TestSearchByArrayList" time="0">
    <skipped/>
  </testcase>
  <testcase name="cleanUp" classname="homePageObjectModule.TestSearchByArrayList" time="0">
    <skipped/>
  </testcase>
  <testcase name="setUp" classname="homePageObjectModule.TestSearchBySingleItem" time="81.578">
    <failure message="timeout&#10;  (Session info: chrome=69.0.3497.100)&#10;  (Driver info: chromedriver=2.42.591059 (a3d9684d10d61aa0c45f6723b327283be1ebaad8),platform=Mac OS X 10.13.6 x86_64) (WARNING: The server did not provide any stacktrace information)&#10;Command duration or timeout: 0 milliseconds&#10;Build info: version: &apos;3.14.0&apos;, revision: &apos;aacccce0&apos;, time: &apos;2018-08-02T20:19:58.91Z&apos;&#10;System info: host: &apos;Uzzals-MacBook-Pro.local&apos;, ip: &apos;fe80:0:0:0:103f:5e2:79e3:d5b0%en0&apos;, os.name: &apos;Mac OS X&apos;, os.arch: &apos;x86_64&apos;, os.version: &apos;10.13.6&apos;, java.version: &apos;10.0.1&apos;&#10;Driver info: org.openqa.selenium.chrome.ChromeDriver&#10;Capabilities {acceptInsecureCerts: false, acceptSslCerts: false, applicationCacheEnabled: false, browserConnectionEnabled: false, browserName: chrome, chrome: {chromedriverVersion: 2.42.591059 (a3d9684d10d61a..., userDataDir: /var/folders/mp/q48t92j91dz...}, cssSelectorsEnabled: true, databaseEnabled: false, goog:chromeOptions: {debuggerAddress: localhost:49466}, handlesAlerts: true, hasTouchScreen: false, javascriptEnabled: true, locationContextEnabled: true, mobileEmulationEnabled: false, nativeEvents: true, networkConnectionEnabled: false, pageLoadStrategy: normal, platform: MAC, platformName: MAC, rotatable: false, setWindowRect: true, takesHeapSnapshot: true, takesScreenshot: true, unexpectedAlertBehaviour: , unhandledPromptBehavior: , version: 69.0.3497.100, webStorageEnabled: true}&#10;Session ID: f7b670e3a042dc2ae48336f75aa86229" type="org.openqa.selenium.TimeoutException">org.openqa.selenium.TimeoutException: 
timeout
  (Session info: chrome=69.0.3497.100)
  (Driver info: chromedriver=2.42.591059 (a3d9684d10d61aa0c45f6723b327283be1ebaad8),platform=Mac OS X 10.13.6 x86_64) (WARNING: The server did not provide any stacktrace information)
Command duration or timeout: 0 milliseconds
Build info: version: '3.14.0', revision: 'aacccce0', time: '2018-08-02T20:19:58.91Z'
System info: host: 'Uzzals-MacBook-Pro.local', ip: 'fe80:0:0:0:103f:5e2:79e3:d5b0%en0', os.name: 'Mac OS X', os.arch: 'x86_64', os.version: '10.13.6', java.version: '10.0.1'
Driver info: org.openqa.selenium.chrome.ChromeDriver
Capabilities {acceptInsecureCerts: false, acceptSslCerts: false, applicationCacheEnabled: false, browserConnectionEnabled: false, browserName: chrome, chrome: {chromedriverVersion: 2.42.591059 (a3d9684d10d61a..., userDataDir: /var/folders/mp/q48t92j91dz...}, cssSelectorsEnabled: true, databaseEnabled: false, goog:chromeOptions: {debuggerAddress: localhost:49466}, handlesAlerts: true, hasTouchScreen: false, javascriptEnabled: true, locationContextEnabled: true, mobileEmulationEnabled: false, nativeEvents: true, networkConnectionEnabled: false, pageLoadStrategy: normal, platform: MAC, platformName: MAC, rotatable: false, setWindowRect: true, takesHeapSnapshot: true, takesScreenshot: true, unexpectedAlertBehaviour: , unhandledPromptBehavior: , version: 69.0.3497.100, webStorageEnabled: true}
Session ID: f7b670e3a042dc2ae48336f75aa86229
</failure>
    <system-err><![CDATA[[1538871535.166][SEVERE]: Timed out receiving message from renderer: 21.126
[1538871535.168][SEVERE]: Timed out receiving message from renderer: -0.003
]]></system-err>
  </testcase>
  <testcase name="startExtent" classname="homePageObjectModule.TestSearchBySingleItem" time="0">
    <skipped/>
  </testcase>
  <testcase name="initialization" classname="homePageObjectModule.TestSearchBySingleItem" time="0">
    <skipped/>
  </testcase>
  <testcase name="searchItem" classname="homePageObjectModule.TestSearchBySingleItem" time="0">
    <skipped message="timeout&#10;  (Session info: chrome=69.0.3497.100)&#10;  (Driver info: chromedriver=2.42.591059 (a3d9684d10d61aa0c45f6723b327283be1ebaad8),platform=Mac OS X 10.13.6 x86_64) (WARNING: The server did not provide any stacktrace information)&#10;Command duration or timeout: 0 milliseconds&#10;Build info: version: &apos;3.14.0&apos;, revision: &apos;aacccce0&apos;, time: &apos;2018-08-02T20:19:58.91Z&apos;&#10;System info: host: &apos;Uzzals-MacBook-Pro.local&apos;, ip: &apos;fe80:0:0:0:103f:5e2:79e3:d5b0%en0&apos;, os.name: &apos;Mac OS X&apos;, os.arch: &apos;x86_64&apos;, os.version: &apos;10.13.6&apos;, java.version: &apos;10.0.1&apos;&#10;Driver info: org.openqa.selenium.chrome.ChromeDriver&#10;Capabilities {acceptInsecureCerts: false, acceptSslCerts: false, applicationCacheEnabled: false, browserConnectionEnabled: false, browserName: chrome, chrome: {chromedriverVersion: 2.42.591059 (a3d9684d10d61a..., userDataDir: /var/folders/mp/q48t92j91dz...}, cssSelectorsEnabled: true, databaseEnabled: false, goog:chromeOptions: {debuggerAddress: localhost:49466}, handlesAlerts: true, hasTouchScreen: false, javascriptEnabled: true, locationContextEnabled: true, mobileEmulationEnabled: false, nativeEvents: true, networkConnectionEnabled: false, pageLoadStrategy: normal, platform: MAC, platformName: MAC, rotatable: false, setWindowRect: true, takesHeapSnapshot: true, takesScreenshot: true, unexpectedAlertBehaviour: , unhandledPromptBehavior: , version: 69.0.3497.100, webStorageEnabled: true}&#10;Session ID: f7b670e3a042dc2ae48336f75aa86229"/>
  </testcase>
  <testcase name="afterEachTestMethod" classname="homePageObjectModule.TestSearchBySingleItem" time="0">
    <skipped/>
  </testcase>
  <testcase name="cleanUp" classname="homePageObjectModule.TestSearchBySingleItem" time="0">
    <skipped/>
  </testcase>
  <testcase name="generateReport" classname="homePageObjectModule.DropDownTest" time="0">
    <skipped/>
  </testcase>
</testsuite>